#
# There is insufficient memory for the Java Runtime Environment to continue.
# Native memory allocation (mmap) failed to map 6291456 bytes for G1 virtual space
# Possible reasons:
#   The system is out of physical RAM or swap space
#   The process is running with CompressedOops enabled, and the Java Heap may be blocking the growth of the native heap
# Possible solutions:
#   Reduce memory load on the system
#   Increase physical memory or swap space
#   Check if swap backing store is full
#   Decrease Java heap size (-Xmx/-Xms)
#   Decrease number of Java threads
#   Decrease Java thread stack sizes (-Xss)
#   Set larger code cache with -XX:ReservedCodeCacheSize=
#   JVM is running with Unscaled Compressed Oops mode in which the Java heap is
#     placed in the first 4GB address space. The Java Heap base address is the
#     maximum limit for the native heap growth. Please use -XX:HeapBaseMinAddress
#     to set the Java Heap base and to place the Java Heap above 4GB virtual address.
# This output file may be truncated or incomplete.
#
#  Out of Memory Error (os_windows.cpp:3600), pid=18180, tid=12816
#
# JRE version: Java(TM) SE Runtime Environment (21.0.2+13) (build 21.0.2+13-LTS-58)
# Java VM: Java HotSpot(TM) 64-Bit Server VM (21.0.2+13-LTS-58, mixed mode, sharing, tiered, compressed oops, compressed class ptrs, g1 gc, windows-amd64)
# No core dump will be written. Minidumps are not enabled by default on client versions of Windows
#

---------------  S U M M A R Y ------------

Command Line: --add-opens=java.base/java.util=ALL-UNNAMED --add-opens=java.base/java.lang=ALL-UNNAMED --add-opens=java.base/java.lang.invoke=ALL-UNNAMED --add-opens=java.prefs/java.util.prefs=ALL-UNNAMED --add-opens=java.base/java.nio.charset=ALL-UNNAMED --add-opens=java.base/java.net=ALL-UNNAMED --add-opens=java.base/java.util.concurrent.atomic=ALL-UNNAMED -Xmx2048m -Dfile.encoding=UTF-8 -Duser.country=US -Duser.language=en -Duser.variant -javaagent:C:\Users\User\.gradle\wrapper\dists\gradle-8.2-bin\bbg7u40eoinfdyxsxr3z4i7ta\gradle-8.2\lib\agents\gradle-instrumentation-agent-8.2.jar org.gradle.launcher.daemon.bootstrap.GradleDaemon 8.2

Host: Intel(R) Core(TM) i7-4810MQ CPU @ 2.80GHz, 8 cores, 7G,  Windows 10 , 64 bit Build 19041 (10.0.19041.3636)
Time: Tue May 28 14:14:26 2024 SE Asia Standard Time elapsed time: 13.152092 seconds (0d 0h 0m 13s)

---------------  T H R E A D  ---------------

Current thread (0x00000173d20d3b80):  VMThread "VM Thread"          [id=12816, stack(0x0000004f9e900000,0x0000004f9ea00000) (1024K)]

Stack: [0x0000004f9e900000,0x0000004f9ea00000]
Native frames: (J=compiled Java code, j=interpreted, Vv=VM code, C=native code)
V  [jvm.dll+0x6cade9]
V  [jvm.dll+0x8569c1]
V  [jvm.dll+0x858d2e]
V  [jvm.dll+0x859413]
V  [jvm.dll+0x280e56]
V  [jvm.dll+0x6c74d5]
V  [jvm.dll+0x6bbeca]
V  [jvm.dll+0x355bca]
V  [jvm.dll+0x35d816]
V  [jvm.dll+0x3ae67e]
V  [jvm.dll+0x3ae928]
V  [jvm.dll+0x3295dc]
V  [jvm.dll+0x32be86]
V  [jvm.dll+0x335dde]
V  [jvm.dll+0x36c045]
V  [jvm.dll+0x85ef18]
V  [jvm.dll+0x860014]
V  [jvm.dll+0x860550]
V  [jvm.dll+0x8607f3]
V  [jvm.dll+0x7ff568]
V  [jvm.dll+0x6c953d]
C  [ucrtbase.dll+0x21bb2]
C  [KERNEL32.DLL+0x17344]
C  [ntdll.dll+0x526b1]

VM_Operation (0x0000004f9e4ff680): G1PauseRemark, mode: safepoint, requested by thread 0x00000173b57766d0


---------------  P R O C E S S  ---------------

Threads class SMR info:
_java_thread_list=0x000001741b079670, length=43, elements={
0x00000173b3421840, 0x00000173d20f7470, 0x00000173d20f9040, 0x00000173d20fad30,
0x00000173d20fb790, 0x00000173d20fc1f0, 0x00000173d20fcc50, 0x00000173d20fd9e0,
0x00000173d2100890, 0x00000173d22dd050, 0x00000173d24016a0, 0x00000174190e4b10,
0x0000017418633d50, 0x00000174190de260, 0x0000017418cc2860, 0x00000174190dcf30,
0x0000017418b7bc00, 0x0000017418b79230, 0x0000017418a72280, 0x0000017418a71bf0,
0x0000017418a6f490, 0x0000017418a70840, 0x0000017418a701b0, 0x0000017418a70ed0,
0x0000017418a71560, 0x0000017418a6fb20, 0x000001741aaa36e0, 0x000001741aaa5e40,
0x000001741aaa57b0, 0x000001741aaa64d0, 0x000001741aaa3d70, 0x000001741aaa4400,
0x000001741aaa4a90, 0x000001741aaa3050, 0x000001741997e6f0, 0x0000017419982f20,
0x0000017419980130, 0x000001741997c620, 0x0000017419981b70, 0x00000174199835b0,
0x000001741997e060, 0x00000174199814e0, 0x0000017419982890
}

Java Threads: ( => current thread )
  0x00000173b3421840 JavaThread "main"                              [_thread_blocked, id=18716, stack(0x0000004f9e200000,0x0000004f9e300000) (1024K)]
  0x00000173d20f7470 JavaThread "Reference Handler"          daemon [_thread_blocked, id=12684, stack(0x0000004f9ea00000,0x0000004f9eb00000) (1024K)]
  0x00000173d20f9040 JavaThread "Finalizer"                  daemon [_thread_blocked, id=19332, stack(0x0000004f9eb00000,0x0000004f9ec00000) (1024K)]
  0x00000173d20fad30 JavaThread "Signal Dispatcher"          daemon [_thread_blocked, id=1984, stack(0x0000004f9ec00000,0x0000004f9ed00000) (1024K)]
  0x00000173d20fb790 JavaThread "Attach Listener"            daemon [_thread_blocked, id=9632, stack(0x0000004f9ed00000,0x0000004f9ee00000) (1024K)]
  0x00000173d20fc1f0 JavaThread "Service Thread"             daemon [_thread_blocked, id=16588, stack(0x0000004f9ee00000,0x0000004f9ef00000) (1024K)]
  0x00000173d20fcc50 JavaThread "Monitor Deflation Thread"   daemon [_thread_blocked, id=8448, stack(0x0000004f9ef00000,0x0000004f9f000000) (1024K)]
  0x00000173d20fd9e0 JavaThread "C2 CompilerThread0"         daemon [_thread_blocked, id=14532, stack(0x0000004f9f000000,0x0000004f9f100000) (1024K)]
  0x00000173d2100890 JavaThread "C1 CompilerThread0"         daemon [_thread_blocked, id=18888, stack(0x0000004f9f100000,0x0000004f9f200000) (1024K)]
  0x00000173d22dd050 JavaThread "Common-Cleaner"             daemon [_thread_blocked, id=1760, stack(0x0000004f9f200000,0x0000004f9f300000) (1024K)]
  0x00000173d24016a0 JavaThread "Notification Thread"        daemon [_thread_blocked, id=20352, stack(0x0000004f9f300000,0x0000004f9f400000) (1024K)]
  0x00000174190e4b10 JavaThread "Daemon health stats"               [_thread_blocked, id=22288, stack(0x0000004f9f400000,0x0000004f9f500000) (1024K)]
  0x0000017418633d50 JavaThread "Incoming local TCP Connector on port 51101"        [_thread_in_native, id=14252, stack(0x0000004f9fa00000,0x0000004f9fb00000) (1024K)]
  0x00000174190de260 JavaThread "Daemon periodic checks"            [_thread_blocked, id=16372, stack(0x0000004f9fb00000,0x0000004f9fc00000) (1024K)]
  0x0000017418cc2860 JavaThread "Daemon"                            [_thread_blocked, id=7968, stack(0x0000004f9fc00000,0x0000004f9fd00000) (1024K)]
  0x00000174190dcf30 JavaThread "Handler for socket connection from /127.0.0.1:51101 to /127.0.0.1:51102"        [_thread_in_native, id=13200, stack(0x0000004f9fd00000,0x0000004f9fe00000) (1024K)]
  0x0000017418b7bc00 JavaThread "Cancel handler"                    [_thread_blocked, id=22108, stack(0x0000004f9f900000,0x0000004f9fa00000) (1024K)]
  0x0000017418b79230 JavaThread "Daemon worker"                     [_thread_blocked, id=12268, stack(0x0000004f9fe00000,0x0000004f9ff00000) (1024K)]
  0x0000017418a72280 JavaThread "Asynchronous log dispatcher for DefaultDaemonConnection: socket connection from /127.0.0.1:51101 to /127.0.0.1:51102"        [_thread_blocked, id=11648, stack(0x0000004f9ff00000,0x0000004fa0000000) (1024K)]
  0x0000017418a71bf0 JavaThread "Stdin handler"                     [_thread_blocked, id=17956, stack(0x0000004fa0000000,0x0000004fa0100000) (1024K)]
  0x0000017418a6f490 JavaThread "Daemon client event forwarder"        [_thread_blocked, id=22660, stack(0x0000004fa0100000,0x0000004fa0200000) (1024K)]
  0x0000017418a70840 JavaThread "Cache worker for journal cache (C:\Users\User\.gradle\caches\journal-1)"        [_thread_blocked, id=240, stack(0x0000004fa0200000,0x0000004fa0300000) (1024K)]
  0x0000017418a701b0 JavaThread "File lock request listener"        [_thread_in_native, id=19564, stack(0x0000004fa0300000,0x0000004fa0400000) (1024K)]
  0x0000017418a70ed0 JavaThread "Cache worker for file hash cache (C:\Users\User\.gradle\caches\8.2\fileHashes)"        [_thread_blocked, id=10624, stack(0x0000004fa0500000,0x0000004fa0600000) (1024K)]
  0x0000017418a71560 JavaThread "File watcher server"        daemon [_thread_in_native, id=17080, stack(0x0000004fa0900000,0x0000004fa0a00000) (1024K)]
  0x0000017418a6fb20 JavaThread "File watcher consumer"      daemon [_thread_blocked, id=13512, stack(0x0000004fa0a00000,0x0000004fa0b00000) (1024K)]
  0x000001741aaa36e0 JavaThread "jar transforms"                    [_thread_blocked, id=5864, stack(0x0000004fa0b00000,0x0000004fa0c00000) (1024K)]
  0x000001741aaa5e40 JavaThread "jar transforms Thread 2"           [_thread_blocked, id=5344, stack(0x0000004fa0c00000,0x0000004fa0d00000) (1024K)]
  0x000001741aaa57b0 JavaThread "jar transforms Thread 3"           [_thread_blocked, id=17840, stack(0x0000004fa0d00000,0x0000004fa0e00000) (1024K)]
  0x000001741aaa64d0 JavaThread "jar transforms Thread 4"           [_thread_blocked, id=14956, stack(0x0000004fa0e00000,0x0000004fa0f00000) (1024K)]
  0x000001741aaa3d70 JavaThread "jar transforms Thread 5"           [_thread_blocked, id=14576, stack(0x0000004fa0f00000,0x0000004fa1000000) (1024K)]
  0x000001741aaa4400 JavaThread "jar transforms Thread 6"           [_thread_blocked, id=22080, stack(0x0000004fa1000000,0x0000004fa1100000) (1024K)]
  0x000001741aaa4a90 JavaThread "jar transforms Thread 7"           [_thread_blocked, id=9344, stack(0x0000004fa1100000,0x0000004fa1200000) (1024K)]
  0x000001741aaa3050 JavaThread "jar transforms Thread 8"           [_thread_blocked, id=15628, stack(0x0000004fa1200000,0x0000004fa1300000) (1024K)]
  0x000001741997e6f0 JavaThread "Cache worker for checksums cache (D:\File_forStudy\HK6\Android\movie-booking-mobile\movie-frontend\.gradle\8.2\checksums)"        [_thread_blocked, id=15624, stack(0x0000004fa1400000,0x0000004fa1500000) (1024K)]
  0x0000017419982f20 JavaThread "Cache worker for cache directory md-rule (C:\Users\User\.gradle\caches\8.2\md-rule)"        [_thread_blocked, id=5440, stack(0x0000004fa1500000,0x0000004fa1600000) (1024K)]
  0x0000017419980130 JavaThread "Cache worker for file content cache (C:\Users\User\.gradle\caches\8.2\fileContent)"        [_thread_blocked, id=9460, stack(0x0000004fa1600000,0x0000004fa1700000) (1024K)]
  0x000001741997c620 JavaThread "Cache worker for file hash cache (D:\File_forStudy\HK6\Android\movie-booking-mobile\movie-frontend\.gradle\8.2\fileHashes)"        [_thread_blocked, id=21860, stack(0x0000004fa1700000,0x0000004fa1800000) (1024K)]
  0x0000017419981b70 JavaThread "Cache worker for cache directory md-supplier (C:\Users\User\.gradle\caches\8.2\md-supplier)"        [_thread_blocked, id=19880, stack(0x0000004fa1800000,0x0000004fa1900000) (1024K)]
  0x00000174199835b0 JavaThread "Cache worker for execution history cache (C:\Users\User\.gradle\caches\8.2\executionHistory)"        [_thread_blocked, id=7692, stack(0x0000004fa1900000,0x0000004fa1a00000) (1024K)]
  0x000001741997e060 JavaThread "Cache worker for kotlin-dsl (C:\Users\User\.gradle\caches\8.2\kotlin-dsl)"        [_thread_blocked, id=7796, stack(0x0000004fa1a00000,0x0000004fa1b00000) (1024K)]
  0x00000174199814e0 JavaThread "Cache worker for dependencies-accessors (D:\File_forStudy\HK6\Android\movie-booking-mobile\movie-frontend\.gradle\8.2\dependencies-accessors)"        [_thread_blocked, id=16044, stack(0x0000004fa1b00000,0x0000004fa1c00000) (1024K)]
  0x0000017419982890 JavaThread "Cache worker for Build Output Cleanup Cache (D:\File_forStudy\HK6\Android\movie-booking-mobile\movie-frontend\.gradle\buildOutputCleanup)"        [_thread_blocked, id=3912, stack(0x0000004fa1c00000,0x0000004fa1d00000) (1024K)]
Total: 43

Other Threads:
=>0x00000173d20d3b80 VMThread "VM Thread"                           [id=12816, stack(0x0000004f9e900000,0x0000004f9ea00000) (1024K)]
  0x00000173d20bcf20 WatcherThread "VM Periodic Task Thread"        [id=256, stack(0x0000004f9e800000,0x0000004f9e900000) (1024K)]
  0x00000173b5765230 WorkerThread "GC Thread#0"                     [id=12120, stack(0x0000004f9e300000,0x0000004f9e400000) (1024K)]
  0x00000173d20d30a0 WorkerThread "GC Thread#1"                     [id=32, stack(0x0000004f9f500000,0x0000004f9f600000) (1024K)]
  0x00000173d20d3440 WorkerThread "GC Thread#2"                     [id=21864, stack(0x0000004f9f600000,0x0000004f9f700000) (1024K)]
  0x00000173d20d4660 WorkerThread "GC Thread#3"                     [id=16248, stack(0x0000004f9f700000,0x0000004f9f800000) (1024K)]
  0x00000173d20d37e0 WorkerThread "GC Thread#4"                     [id=16308, stack(0x0000004f9f800000,0x0000004f9f900000) (1024K)]
  0x00000174195d12d0 WorkerThread "GC Thread#5"                     [id=3080, stack(0x0000004fa0600000,0x0000004fa0700000) (1024K)]
  0x00000174195d2fd0 WorkerThread "GC Thread#6"                     [id=21552, stack(0x0000004fa0700000,0x0000004fa0800000) (1024K)]
  0x00000174195d07f0 WorkerThread "GC Thread#7"                     [id=10912, stack(0x0000004fa0800000,0x0000004fa0900000) (1024K)]
  0x00000173b57766d0 ConcurrentGCThread "G1 Main Marker"            [id=4180, stack(0x0000004f9e400000,0x0000004f9e500000) (1024K)]
  0x00000173b5777880 WorkerThread "G1 Conc#0"                       [id=22328, stack(0x0000004f9e500000,0x0000004f9e600000) (1024K)]
  0x00000174195d00b0 WorkerThread "G1 Conc#1"                       [id=23056, stack(0x0000004fa0400000,0x0000004fa0500000) (1024K)]
  0x00000173b57de440 ConcurrentGCThread "G1 Refine#0"               [id=18812, stack(0x0000004f9e600000,0x0000004f9e700000) (1024K)]
  0x00000173d1f5e120 ConcurrentGCThread "G1 Service"                [id=21148, stack(0x0000004f9e700000,0x0000004f9e800000) (1024K)]
Total: 15

Threads with active compile tasks:
C1 CompilerThread0    13195 5574       3       com.esotericsoftware.kryo.io.Input::readVarInt (192 bytes)
Total: 1

VM state: at safepoint (normal execution)

VM Mutex/Monitor currently owned by a thread:  ([mutex/lock_event])
[0x00007ffa4ae1cd68] Threads_lock - owner thread: 0x00000173d20d3b80
[0x00007ffa4ae1ce68] Heap_lock - owner thread: 0x00000173b57766d0

Heap address: 0x0000000080000000, size: 2048 MB, Compressed Oops mode: 32-bit

CDS archive(s) mapped at: [0x00000173d3000000-0x00000173d3c90000-0x00000173d3c90000), size 13172736, SharedBaseAddress: 0x00000173d3000000, ArchiveRelocationMode: 1.
Compressed class space mapped at: 0x00000173d4000000-0x0000017414000000, reserved size: 1073741824
Narrow klass base: 0x00000173d3000000, Narrow klass shift: 0, Narrow klass range: 0x100000000

GC Precious Log:
 CardTable entry size: 512
 Card Set container configuration: InlinePtr #cards 5 size 8 Array Of Cards #cards 12 size 40 Howl #buckets 4 coarsen threshold 1843 Howl Bitmap #cards 512 size 80 coarsen threshold 460 Card regions per heap region 1 cards per card region 2048
 CPUs: 8 total, 8 available
 Memory: 8097M
 Large Page Support: Disabled
 NUMA Support: Disabled
 Compressed Oops: Enabled (32-bit)
 Heap Region Size: 1M
 Heap Min Capacity: 8M
 Heap Initial Capacity: 128M
 Heap Max Capacity: 2G
 Pre-touch: Disabled
 Parallel Workers: 8
 Concurrent Workers: 2
 Concurrent Refinement Workers: 8
 Periodic GC: Disabled

Heap:
 garbage-first heap   total 96256K, used 59604K [0x0000000080000000, 0x0000000100000000)
  region size 1024K, 5 young (5120K), 4 survivors (4096K)
 Metaspace       used 49173K, committed 50944K, reserved 1114112K
  class space    used 7047K, committed 7936K, reserved 1048576K

Heap Regions: E=young(eden), S=young(survivor), O=old, HS=humongous(starts), HC=humongous(continues), CS=collection set, F=free, TAMS=top-at-mark-start, PB=parsable bottom
|   0|0x0000000080000000, 0x0000000080100000, 0x0000000080100000|100%|HS|  |TAMS 0x0000000080100000| PB 0x0000000080000000| Complete 
|   1|0x0000000080100000, 0x0000000080200000, 0x0000000080200000|100%|HC|  |TAMS 0x0000000080200000| PB 0x0000000080100000| Complete 
|   2|0x0000000080200000, 0x0000000080300000, 0x0000000080300000|100%|HC|  |TAMS 0x0000000080300000| PB 0x0000000080200000| Complete 
|   3|0x0000000080300000, 0x0000000080400000, 0x0000000080400000|100%|HC|  |TAMS 0x0000000080400000| PB 0x0000000080300000| Complete 
|   4|0x0000000080400000, 0x0000000080500000, 0x0000000080500000|100%| O|  |TAMS 0x0000000080500000| PB 0x0000000080500000| Untracked 
|   5|0x0000000080500000, 0x0000000080600000, 0x0000000080600000|100%| O|  |TAMS 0x0000000080600000| PB 0x0000000080600000| Untracked 
|   6|0x0000000080600000, 0x0000000080700000, 0x0000000080700000|100%| O|  |TAMS 0x0000000080700000| PB 0x0000000080700000| Untracked 
|   7|0x0000000080700000, 0x0000000080800000, 0x0000000080800000|100%| O|  |TAMS 0x0000000080800000| PB 0x0000000080800000| Updating 
|   8|0x0000000080800000, 0x0000000080900000, 0x0000000080900000|100%| O|  |TAMS 0x0000000080900000| PB 0x0000000080900000| Untracked 
|   9|0x0000000080900000, 0x0000000080a00000, 0x0000000080a00000|100%| O|  |TAMS 0x0000000080a00000| PB 0x0000000080a00000| Untracked 
|  10|0x0000000080a00000, 0x0000000080b00000, 0x0000000080b00000|100%| O|  |TAMS 0x0000000080b00000| PB 0x0000000080b00000| Updating 
|  11|0x0000000080b00000, 0x0000000080c00000, 0x0000000080c00000|100%| O|  |TAMS 0x0000000080c00000| PB 0x0000000080c00000| Untracked 
|  12|0x0000000080c00000, 0x0000000080d00000, 0x0000000080d00000|100%| O|  |TAMS 0x0000000080d00000| PB 0x0000000080d00000| Untracked 
|  13|0x0000000080d00000, 0x0000000080e00000, 0x0000000080e00000|100%| O|  |TAMS 0x0000000080e00000| PB 0x0000000080e00000| Untracked 
|  14|0x0000000080e00000, 0x0000000080f00000, 0x0000000080f00000|100%| O|  |TAMS 0x0000000080f00000| PB 0x0000000080f00000| Untracked 
|  15|0x0000000080f00000, 0x0000000081000000, 0x0000000081000000|100%| O|  |TAMS 0x0000000081000000| PB 0x0000000081000000| Untracked 
|  16|0x0000000081000000, 0x0000000081100000, 0x0000000081100000|100%| O|  |TAMS 0x0000000081100000| PB 0x0000000081100000| Untracked 
|  17|0x0000000081100000, 0x0000000081200000, 0x0000000081200000|100%| O|  |TAMS 0x0000000081200000| PB 0x0000000081200000| Untracked 
|  18|0x0000000081200000, 0x0000000081300000, 0x0000000081300000|100%| O|  |TAMS 0x0000000081300000| PB 0x0000000081300000| Untracked 
|  19|0x0000000081300000, 0x0000000081400000, 0x0000000081400000|100%| O|  |TAMS 0x0000000081400000| PB 0x0000000081400000| Untracked 
|  20|0x0000000081400000, 0x0000000081500000, 0x0000000081500000|100%| O|  |TAMS 0x0000000081500000| PB 0x0000000081500000| Untracked 
|  21|0x0000000081500000, 0x0000000081600000, 0x0000000081600000|100%|HS|  |TAMS 0x0000000081600000| PB 0x0000000081500000| Complete 
|  22|0x0000000081600000, 0x0000000081700000, 0x0000000081700000|100%|HC|  |TAMS 0x0000000081700000| PB 0x0000000081600000| Complete 
|  23|0x0000000081700000, 0x0000000081800000, 0x0000000081800000|100%|HS|  |TAMS 0x0000000081800000| PB 0x0000000081700000| Complete 
|  24|0x0000000081800000, 0x0000000081900000, 0x0000000081900000|100%|HC|  |TAMS 0x0000000081900000| PB 0x0000000081800000| Complete 
|  25|0x0000000081900000, 0x0000000081a00000, 0x0000000081a00000|100%|HC|  |TAMS 0x0000000081a00000| PB 0x0000000081900000| Complete 
|  26|0x0000000081a00000, 0x0000000081b00000, 0x0000000081b00000|100%|HS|  |TAMS 0x0000000081b00000| PB 0x0000000081a00000| Complete 
|  27|0x0000000081b00000, 0x0000000081c00000, 0x0000000081c00000|100%|HC|  |TAMS 0x0000000081c00000| PB 0x0000000081b00000| Complete 
|  28|0x0000000081c00000, 0x0000000081d00000, 0x0000000081d00000|100%|HC|  |TAMS 0x0000000081d00000| PB 0x0000000081c00000| Complete 
|  29|0x0000000081d00000, 0x0000000081e00000, 0x0000000081e00000|100%|HS|  |TAMS 0x0000000081e00000| PB 0x0000000081d00000| Complete 
|  30|0x0000000081e00000, 0x0000000081f00000, 0x0000000081f00000|100%|HC|  |TAMS 0x0000000081f00000| PB 0x0000000081e00000| Complete 
|  31|0x0000000081f00000, 0x0000000082000000, 0x0000000082000000|100%|HC|  |TAMS 0x0000000082000000| PB 0x0000000081f00000| Complete 
|  32|0x0000000082000000, 0x0000000082100000, 0x0000000082100000|100%| O|  |TAMS 0x0000000082100000| PB 0x0000000082100000| Untracked 
|  33|0x0000000082100000, 0x0000000082200000, 0x0000000082200000|100%| O|  |TAMS 0x0000000082100000| PB 0x0000000082100000| Untracked 
|  34|0x0000000082200000, 0x0000000082300000, 0x0000000082300000|100%| O|  |TAMS 0x0000000082300000| PB 0x0000000082300000| Updating 
|  35|0x0000000082300000, 0x0000000082400000, 0x0000000082400000|100%| O|  |TAMS 0x0000000082400000| PB 0x0000000082400000| Untracked 
|  36|0x0000000082400000, 0x0000000082500000, 0x0000000082500000|100%| O|  |TAMS 0x0000000082500000| PB 0x0000000082500000| Untracked 
|  37|0x0000000082500000, 0x0000000082600000, 0x0000000082600000|100%| O|  |TAMS 0x0000000082600000| PB 0x0000000082600000| Untracked 
|  38|0x0000000082600000, 0x0000000082700000, 0x0000000082700000|100%| O|  |TAMS 0x0000000082700000| PB 0x0000000082700000| Updating 
|  39|0x0000000082700000, 0x0000000082800000, 0x0000000082800000|100%| O|  |TAMS 0x0000000082800000| PB 0x0000000082800000| Untracked 
|  40|0x0000000082800000, 0x0000000082900000, 0x0000000082900000|100%| O|  |TAMS 0x0000000082900000| PB 0x0000000082900000| Untracked 
|  41|0x0000000082900000, 0x0000000082a00000, 0x0000000082a00000|100%| O|  |TAMS 0x0000000082a00000| PB 0x0000000082a00000| Untracked 
|  42|0x0000000082a00000, 0x0000000082b00000, 0x0000000082b00000|100%| O|  |TAMS 0x0000000082b00000| PB 0x0000000082b00000| Updating 
|  43|0x0000000082b00000, 0x0000000082c00000, 0x0000000082c00000|100%| O|  |TAMS 0x0000000082c00000| PB 0x0000000082c00000| Untracked 
|  44|0x0000000082c00000, 0x0000000082d00000, 0x0000000082d00000|100%| O|  |TAMS 0x0000000082d00000| PB 0x0000000082d00000| Untracked 
|  45|0x0000000082d00000, 0x0000000082e00000, 0x0000000082e00000|100%| O|  |TAMS 0x0000000082e00000| PB 0x0000000082e00000| Updating 
|  46|0x0000000082e00000, 0x0000000082f00000, 0x0000000082f00000|100%| O|  |TAMS 0x0000000082f00000| PB 0x0000000082f00000| Untracked 
|  47|0x0000000082f00000, 0x0000000083000000, 0x0000000083000000|100%| O|  |TAMS 0x0000000083000000| PB 0x0000000083000000| Untracked 
|  48|0x0000000083000000, 0x0000000083100000, 0x0000000083100000|100%| O|  |TAMS 0x0000000083100000| PB 0x0000000083100000| Updating 
|  49|0x0000000083100000, 0x0000000083200000, 0x0000000083200000|100%|HS|  |TAMS 0x0000000083200000| PB 0x0000000083100000| Complete 
|  50|0x0000000083200000, 0x0000000083300000, 0x0000000083300000|100%|HC|  |TAMS 0x0000000083300000| PB 0x0000000083200000| Complete 
|  51|0x0000000083300000, 0x0000000083400000, 0x0000000083400000|100%|HC|  |TAMS 0x0000000083400000| PB 0x0000000083300000| Complete 
|  52|0x0000000083400000, 0x0000000083500000, 0x0000000083500000|100%| O|  |TAMS 0x0000000083482b68| PB 0x0000000083482b68| Untracked 
|  53|0x0000000083500000, 0x000000008357baa0, 0x0000000083600000| 48%| O|  |TAMS 0x0000000083500000| PB 0x0000000083500000| Updating 
|  54|0x0000000083600000, 0x0000000083600000, 0x0000000083700000|  0%| F|  |TAMS 0x0000000083600000| PB 0x0000000083600000| Untracked 
|  55|0x0000000083700000, 0x0000000083700000, 0x0000000083800000|  0%| F|  |TAMS 0x0000000083700000| PB 0x0000000083700000| Untracked 
|  56|0x0000000083800000, 0x0000000083800000, 0x0000000083900000|  0%| F|  |TAMS 0x0000000083800000| PB 0x0000000083800000| Untracked 
|  57|0x0000000083900000, 0x0000000083900000, 0x0000000083a00000|  0%| F|  |TAMS 0x0000000083900000| PB 0x0000000083900000| Untracked 
|  58|0x0000000083a00000, 0x0000000083a00000, 0x0000000083b00000|  0%| F|  |TAMS 0x0000000083a00000| PB 0x0000000083a00000| Untracked 
|  59|0x0000000083b00000, 0x0000000083b00000, 0x0000000083c00000|  0%| F|  |TAMS 0x0000000083b00000| PB 0x0000000083b00000| Untracked 
|  60|0x0000000083c00000, 0x0000000083c00000, 0x0000000083d00000|  0%| F|  |TAMS 0x0000000083c00000| PB 0x0000000083c00000| Untracked 
|  61|0x0000000083d00000, 0x0000000083db96e8, 0x0000000083e00000| 72%| S|CS|TAMS 0x0000000083d00000| PB 0x0000000083d00000| Complete 
|  62|0x0000000083e00000, 0x0000000083f00000, 0x0000000083f00000|100%| S|CS|TAMS 0x0000000083e00000| PB 0x0000000083e00000| Complete 
|  63|0x0000000083f00000, 0x0000000084000000, 0x0000000084000000|100%| S|CS|TAMS 0x0000000083f00000| PB 0x0000000083f00000| Complete 
|  64|0x0000000084000000, 0x0000000084000000, 0x0000000084100000|  0%| F|  |TAMS 0x0000000084000000| PB 0x0000000084000000| Untracked 
|  65|0x0000000084100000, 0x0000000084200000, 0x0000000084200000|100%| S|CS|TAMS 0x0000000084100000| PB 0x0000000084100000| Complete 
|  66|0x0000000084200000, 0x0000000084200000, 0x0000000084300000|  0%| F|  |TAMS 0x0000000084200000| PB 0x0000000084200000| Untracked 
|  67|0x0000000084300000, 0x0000000084300000, 0x0000000084400000|  0%| F|  |TAMS 0x0000000084300000| PB 0x0000000084300000| Untracked 
|  68|0x0000000084400000, 0x0000000084400000, 0x0000000084500000|  0%| F|  |TAMS 0x0000000084400000| PB 0x0000000084400000| Untracked 
|  69|0x0000000084500000, 0x0000000084500000, 0x0000000084600000|  0%| F|  |TAMS 0x0000000084500000| PB 0x0000000084500000| Untracked 
|  70|0x0000000084600000, 0x0000000084600000, 0x0000000084700000|  0%| F|  |TAMS 0x0000000084600000| PB 0x0000000084600000| Untracked 
|  71|0x0000000084700000, 0x0000000084700000, 0x0000000084800000|  0%| F|  |TAMS 0x0000000084700000| PB 0x0000000084700000| Untracked 
|  72|0x0000000084800000, 0x0000000084800000, 0x0000000084900000|  0%| F|  |TAMS 0x0000000084800000| PB 0x0000000084800000| Untracked 
|  73|0x0000000084900000, 0x0000000084900000, 0x0000000084a00000|  0%| F|  |TAMS 0x0000000084900000| PB 0x0000000084900000| Untracked 
|  74|0x0000000084a00000, 0x0000000084a00000, 0x0000000084b00000|  0%| F|  |TAMS 0x0000000084a00000| PB 0x0000000084a00000| Untracked 
|  75|0x0000000084b00000, 0x0000000084b00000, 0x0000000084c00000|  0%| F|  |TAMS 0x0000000084b00000| PB 0x0000000084b00000| Untracked 
|  76|0x0000000084c00000, 0x0000000084c00000, 0x0000000084d00000|  0%| F|  |TAMS 0x0000000084c00000| PB 0x0000000084c00000| Untracked 
|  77|0x0000000084d00000, 0x0000000084d00000, 0x0000000084e00000|  0%| F|  |TAMS 0x0000000084d00000| PB 0x0000000084d00000| Untracked 
|  78|0x0000000084e00000, 0x0000000084e00000, 0x0000000084f00000|  0%| F|  |TAMS 0x0000000084e00000| PB 0x0000000084e00000| Untracked 
|  79|0x0000000084f00000, 0x0000000084f00000, 0x0000000085000000|  0%| F|  |TAMS 0x0000000084f00000| PB 0x0000000084f00000| Untracked 
|  80|0x0000000085000000, 0x0000000085000000, 0x0000000085100000|  0%| F|  |TAMS 0x0000000085000000| PB 0x0000000085000000| Untracked 
|  81|0x0000000085100000, 0x0000000085100000, 0x0000000085200000|  0%| F|  |TAMS 0x0000000085100000| PB 0x0000000085100000| Untracked 
|  82|0x0000000085200000, 0x0000000085200000, 0x0000000085300000|  0%| F|  |TAMS 0x0000000085200000| PB 0x0000000085200000| Untracked 
|  83|0x0000000085300000, 0x0000000085300000, 0x0000000085400000|  0%| F|  |TAMS 0x0000000085300000| PB 0x0000000085300000| Untracked 
|  84|0x0000000085400000, 0x0000000085400000, 0x0000000085500000|  0%| F|  |TAMS 0x0000000085400000| PB 0x0000000085400000| Untracked 
|  85|0x0000000085500000, 0x0000000085500000, 0x0000000085600000|  0%| F|  |TAMS 0x0000000085500000| PB 0x0000000085500000| Untracked 
|  86|0x0000000085600000, 0x0000000085600000, 0x0000000085700000|  0%| F|  |TAMS 0x0000000085600000| PB 0x0000000085600000| Untracked 
|  87|0x0000000085700000, 0x0000000085700000, 0x0000000085800000|  0%| F|  |TAMS 0x0000000085700000| PB 0x0000000085700000| Untracked 
|  88|0x0000000085800000, 0x0000000085800000, 0x0000000085900000|  0%| F|  |TAMS 0x0000000085800000| PB 0x0000000085800000| Untracked 
| 103|0x0000000086700000, 0x0000000086700000, 0x0000000086800000|  0%| F|  |TAMS 0x0000000086700000| PB 0x0000000086700000| Untracked 
| 104|0x0000000086800000, 0x0000000086800000, 0x0000000086900000|  0%| F|  |TAMS 0x0000000086800000| PB 0x0000000086800000| Untracked 
| 127|0x0000000087f00000, 0x0000000087f00000, 0x0000000088000000|  0%| F|  |TAMS 0x0000000087f00000| PB 0x0000000087f00000| Untracked 
|2046|0x00000000ffe00000, 0x00000000ffeb17f8, 0x00000000fff00000| 69%| E|  |TAMS 0x00000000ffe00000| PB 0x00000000ffe00000| Complete 
|2047|0x00000000fff00000, 0x0000000100000000, 0x0000000100000000|100%| O|  |TAMS 0x0000000100000000| PB 0x0000000100000000| Untracked 

Card table byte_map: [0x00000173cd2b0000,0x00000173cd6b0000] _byte_map_base: 0x00000173cceb0000

Marking Bits: (CMBitMap*) 0x00000173b5765840
 Bits: [0x00000173cd6b0000, 0x00000173cf6b0000)

Polling page: 0x00000173b3690000

Metaspace:

Usage:
  Non-class:     41.14 MB used.
      Class:      6.88 MB used.
       Both:     48.02 MB used.

Virtual space:
  Non-class space:       64.00 MB reserved,      42.00 MB ( 66%) committed,  1 nodes.
      Class space:        1.00 GB reserved,       7.75 MB ( <1%) committed,  1 nodes.
             Both:        1.06 GB reserved,      49.75 MB (  5%) committed. 

Chunk freelists:
   Non-Class:  5.62 MB
       Class:  8.30 MB
        Both:  13.92 MB

MaxMetaspaceSize: unlimited
CompressedClassSpaceSize: 1.00 GB
Initial GC threshold: 21.00 MB
Current GC threshold: 68.56 MB
CDS: on
 - commit_granule_bytes: 65536.
 - commit_granule_words: 8192.
 - virtual_space_node_default_size: 8388608.
 - enlarge_chunks_in_place: 1.
 - use_allocation_guard: 0.


Internal statistics:

num_allocs_failed_limit: 6.
num_arena_births: 2990.
num_arena_deaths: 0.
num_vsnodes_births: 2.
num_vsnodes_deaths: 0.
num_space_committed: 796.
num_space_uncommitted: 0.
num_chunks_returned_to_freelist: 6.
num_chunks_taken_from_freelist: 5282.
num_chunk_merges: 3.
num_chunk_splits: 3430.
num_chunks_enlarged: 2081.
num_inconsistent_stats: 0.

CodeHeap 'non-profiled nmethods': size=120000Kb used=2594Kb max_used=2678Kb free=117405Kb
 bounds [0x00000173c5650000, 0x00000173c58f0000, 0x00000173ccb80000]
CodeHeap 'profiled nmethods': size=120000Kb used=9138Kb max_used=9476Kb free=110861Kb
 bounds [0x00000173bdb80000, 0x00000173be4d0000, 0x00000173c50b0000]
CodeHeap 'non-nmethods': size=5760Kb used=2743Kb max_used=2839Kb free=3017Kb
 bounds [0x00000173c50b0000, 0x00000173c5390000, 0x00000173c5650000]
 total_blobs=5615 nmethods=4746 adapters=772
 compilation: enabled
              stopped_count=0, restarted_count=0
 full_count=0

Compilation events (20 events):
Event: 13.087 Thread 0x00000173d2100890 5563       1       org.gradle.internal.component.external.model.GradleDependencyMetadata::isEndorsingStrictVersions (5 bytes)
Event: 13.087 Thread 0x00000173d2100890 nmethod 5563 0x00000173c58eaf90 code [0x00000173c58eb120, 0x00000173c58eb1f0]
Event: 13.087 Thread 0x00000173d2100890 5569       1       org.gradle.api.internal.artifacts.DefaultModuleVersionIdentifier::hashCode (5 bytes)
Event: 13.087 Thread 0x00000173d2100890 nmethod 5569 0x00000173c58eb290 code [0x00000173c58eb420, 0x00000173c58eb4e8]
Event: 13.087 Thread 0x00000173d2100890 5570       1       org.gradle.internal.component.external.model.DefaultModuleComponentSelector::getModuleIdentifier (5 bytes)
Event: 13.087 Thread 0x00000173d2100890 nmethod 5570 0x00000173c58eb590 code [0x00000173c58eb720, 0x00000173c58eb7e8]
Event: 13.087 Thread 0x00000173d2100890 5571       1       org.gradle.cache.internal.btree.BTreePersistentIndexedCache::access$1800 (5 bytes)
Event: 13.087 Thread 0x00000173d2100890 nmethod 5571 0x00000173c58eb890 code [0x00000173c58eba20, 0x00000173c58ebad0]
Event: 13.109 Thread 0x00000173d20fd9e0 nmethod 5549 0x00000173c58ebb90 code [0x00000173c58ebde0, 0x00000173c58ecc48]
Event: 13.109 Thread 0x00000173d20fd9e0 5556       4       java.util.Objects::hash (5 bytes)
Event: 13.111 Thread 0x00000173d20fd9e0 nmethod 5556 0x00000173c58ed490 code [0x00000173c58ed620, 0x00000173c58ed7a0]
Event: 13.111 Thread 0x00000173d20fd9e0 5560       4       com.google.common.collect.RegularImmutableList::size (6 bytes)
Event: 13.112 Thread 0x00000173d20fd9e0 nmethod 5560 0x00000173c58ed890 code [0x00000173c58eda20, 0x00000173c58edac0]
Event: 13.119 Thread 0x00000173d2100890 5572   !   3       org.gradle.internal.serialize.kryo.KryoBackedDecoder::readSmallInt (16 bytes)
Event: 13.120 Thread 0x00000173d2100890 nmethod 5572 0x00000173be4c1b90 code [0x00000173be4c1dc0, 0x00000173be4c2430]
Event: 13.120 Thread 0x00000173d2100890 5575       3       org.gradle.api.internal.artifacts.ivyservice.modulecache.StringDeduplicatingDecoder::readString (22 bytes)
Event: 13.120 Thread 0x00000173d2100890 nmethod 5575 0x00000173be4c2690 code [0x00000173be4c2860, 0x00000173be4c2c00]
Event: 13.120 Thread 0x00000173d2100890 5573       3       com.esotericsoftware.kryo.io.Input::readInt (6 bytes)
Event: 13.120 Thread 0x00000173d2100890 nmethod 5573 0x00000173be4c2d10 code [0x00000173be4c2ec0, 0x00000173be4c3000]
Event: 13.120 Thread 0x00000173d2100890 5574       3       com.esotericsoftware.kryo.io.Input::readVarInt (192 bytes)

GC Heap History (20 events):
Event: 6.508 GC heap before
{Heap before GC invocations=3 (full 0):
 garbage-first heap   total 131072K, used 43524K [0x0000000080000000, 0x0000000100000000)
  region size 1024K, 33 young (33792K), 10 survivors (10240K)
 Metaspace       used 20799K, committed 21504K, reserved 1114112K
  class space    used 3063K, committed 3392K, reserved 1048576K
}
Event: 6.519 GC heap after
{Heap after GC invocations=4 (full 0):
 garbage-first heap   total 131072K, used 22845K [0x0000000080000000, 0x0000000100000000)
  region size 1024K, 2 young (2048K), 2 survivors (2048K)
 Metaspace       used 20799K, committed 21504K, reserved 1114112K
  class space    used 3063K, committed 3392K, reserved 1048576K
}
Event: 8.282 GC heap before
{Heap before GC invocations=5 (full 0):
 garbage-first heap   total 81920K, used 80189K [0x0000000080000000, 0x0000000100000000)
  region size 1024K, 48 young (49152K), 2 survivors (2048K)
 Metaspace       used 26083K, committed 27136K, reserved 1114112K
  class space    used 3944K, committed 4480K, reserved 1048576K
}
Event: 8.287 GC heap after
{Heap after GC invocations=6 (full 0):
 garbage-first heap   total 90112K, used 40175K [0x0000000080000000, 0x0000000100000000)
  region size 1024K, 6 young (6144K), 6 survivors (6144K)
 Metaspace       used 26083K, committed 27136K, reserved 1114112K
  class space    used 3944K, committed 4480K, reserved 1048576K
}
Event: 9.216 GC heap before
{Heap before GC invocations=6 (full 0):
 garbage-first heap   total 90112K, used 73967K [0x0000000080000000, 0x0000000100000000)
  region size 1024K, 40 young (40960K), 6 survivors (6144K)
 Metaspace       used 31369K, committed 32640K, reserved 1114112K
  class space    used 4647K, committed 5312K, reserved 1048576K
}
Event: 9.221 GC heap after
{Heap after GC invocations=7 (full 0):
 garbage-first heap   total 90112K, used 43744K [0x0000000080000000, 0x0000000100000000)
  region size 1024K, 3 young (3072K), 3 survivors (3072K)
 Metaspace       used 31369K, committed 32640K, reserved 1114112K
  class space    used 4647K, committed 5312K, reserved 1048576K
}
Event: 9.553 GC heap before
{Heap before GC invocations=7 (full 0):
 garbage-first heap   total 90112K, used 59104K [0x0000000080000000, 0x0000000100000000)
  region size 1024K, 20 young (20480K), 3 survivors (3072K)
 Metaspace       used 34851K, committed 36096K, reserved 1114112K
  class space    used 5013K, committed 5632K, reserved 1048576K
}
Event: 9.558 GC heap after
{Heap after GC invocations=8 (full 0):
 garbage-first heap   total 90112K, used 45705K [0x0000000080000000, 0x0000000100000000)
  region size 1024K, 5 young (5120K), 5 survivors (5120K)
 Metaspace       used 34851K, committed 36096K, reserved 1114112K
  class space    used 5013K, committed 5632K, reserved 1048576K
}
Event: 10.032 GC heap before
{Heap before GC invocations=9 (full 0):
 garbage-first heap   total 90112K, used 82569K [0x0000000080000000, 0x0000000100000000)
  region size 1024K, 37 young (37888K), 5 survivors (5120K)
 Metaspace       used 37497K, committed 38784K, reserved 1114112K
  class space    used 5271K, committed 5888K, reserved 1048576K
}
Event: 10.038 GC heap after
{Heap after GC invocations=10 (full 0):
 garbage-first heap   total 92160K, used 48488K [0x0000000080000000, 0x0000000100000000)
  region size 1024K, 5 young (5120K), 5 survivors (5120K)
 Metaspace       used 37497K, committed 38784K, reserved 1114112K
  class space    used 5271K, committed 5888K, reserved 1048576K
}
Event: 10.637 GC heap before
{Heap before GC invocations=10 (full 0):
 garbage-first heap   total 92160K, used 81256K [0x0000000080000000, 0x0000000100000000)
  region size 1024K, 37 young (37888K), 5 survivors (5120K)
 Metaspace       used 40457K, committed 41984K, reserved 1114112K
  class space    used 5746K, committed 6528K, reserved 1048576K
}
Event: 10.643 GC heap after
{Heap after GC invocations=11 (full 0):
 garbage-first heap   total 92160K, used 50965K [0x0000000080000000, 0x0000000100000000)
  region size 1024K, 4 young (4096K), 4 survivors (4096K)
 Metaspace       used 40457K, committed 41984K, reserved 1114112K
  class space    used 5746K, committed 6528K, reserved 1048576K
}
Event: 10.682 GC heap before
{Heap before GC invocations=11 (full 0):
 garbage-first heap   total 92160K, used 53013K [0x0000000080000000, 0x0000000100000000)
  region size 1024K, 7 young (7168K), 4 survivors (4096K)
 Metaspace       used 40555K, committed 42048K, reserved 1114112K
  class space    used 5755K, committed 6528K, reserved 1048576K
}
Event: 10.686 GC heap after
{Heap after GC invocations=12 (full 0):
 garbage-first heap   total 92160K, used 51253K [0x0000000080000000, 0x0000000100000000)
  region size 1024K, 1 young (1024K), 1 survivors (1024K)
 Metaspace       used 40555K, committed 42048K, reserved 1114112K
  class space    used 5755K, committed 6528K, reserved 1048576K
}
Event: 11.419 GC heap before
{Heap before GC invocations=13 (full 0):
 garbage-first heap   total 96256K, used 84021K [0x0000000080000000, 0x0000000100000000)
  region size 1024K, 29 young (29696K), 1 survivors (1024K)
 Metaspace       used 43075K, committed 44672K, reserved 1114112K
  class space    used 5997K, committed 6784K, reserved 1048576K
}
Event: 11.422 GC heap after
{Heap after GC invocations=14 (full 0):
 garbage-first heap   total 96256K, used 56161K [0x0000000080000000, 0x0000000100000000)
  region size 1024K, 3 young (3072K), 3 survivors (3072K)
 Metaspace       used 43075K, committed 44672K, reserved 1114112K
  class space    used 5997K, committed 6784K, reserved 1048576K
}
Event: 12.058 GC heap before
{Heap before GC invocations=14 (full 0):
 garbage-first heap   total 96256K, used 83809K [0x0000000080000000, 0x0000000100000000)
  region size 1024K, 31 young (31744K), 3 survivors (3072K)
 Metaspace       used 45920K, committed 47616K, reserved 1114112K
  class space    used 6518K, committed 7360K, reserved 1048576K
}
Event: 12.063 GC heap after
{Heap after GC invocations=15 (full 0):
 garbage-first heap   total 96256K, used 57866K [0x0000000080000000, 0x0000000100000000)
  region size 1024K, 4 young (4096K), 4 survivors (4096K)
 Metaspace       used 45920K, committed 47616K, reserved 1114112K
  class space    used 6518K, committed 7360K, reserved 1048576K
}
Event: 13.067 GC heap before
{Heap before GC invocations=15 (full 0):
 garbage-first heap   total 96256K, used 85514K [0x0000000080000000, 0x0000000100000000)
  region size 1024K, 31 young (31744K), 4 survivors (4096K)
 Metaspace       used 49155K, committed 50944K, reserved 1114112K
  class space    used 7046K, committed 7936K, reserved 1048576K
}
Event: 13.073 GC heap after
{Heap after GC invocations=16 (full 0):
 garbage-first heap   total 96256K, used 59604K [0x0000000080000000, 0x0000000100000000)
  region size 1024K, 4 young (4096K), 4 survivors (4096K)
 Metaspace       used 49155K, committed 50944K, reserved 1114112K
  class space    used 7046K, committed 7936K, reserved 1048576K
}

Dll operation events (15 events):
Event: 0.116 Loaded shared library C:\Program Files\Java\jdk-21\bin\java.dll
Event: 0.385 Loaded shared library C:\Program Files\Java\jdk-21\bin\jsvml.dll
Event: 0.466 Loaded shared library C:\Program Files\Java\jdk-21\bin\zip.dll
Event: 0.472 Loaded shared library C:\Program Files\Java\jdk-21\bin\instrument.dll
Event: 0.479 Loaded shared library C:\Program Files\Java\jdk-21\bin\net.dll
Event: 0.484 Loaded shared library C:\Program Files\Java\jdk-21\bin\nio.dll
Event: 0.492 Loaded shared library C:\Program Files\Java\jdk-21\bin\zip.dll
Event: 1.074 Loaded shared library C:\Program Files\Java\jdk-21\bin\jimage.dll
Event: 1.237 Loaded shared library C:\Program Files\Java\jdk-21\bin\verify.dll
Event: 1.503 Loaded shared library C:\Users\User\.gradle\native\68d5fa5c4cc2d200863cafc0d521ce42e7d3e7ee720ec0a83991735586a16f82\windows-amd64\native-platform.dll
Event: 1.524 Loaded shared library C:\Users\User\.gradle\native\e376f236ea51e6404a007f0833ffe2c6e607c4080706a723a18a27aeea778392\windows-amd64\native-platform-file-events.dll
Event: 2.877 Loaded shared library C:\Program Files\Java\jdk-21\bin\management.dll
Event: 2.905 Loaded shared library C:\Program Files\Java\jdk-21\bin\management_ext.dll
Event: 3.268 Loaded shared library C:\Program Files\Java\jdk-21\bin\extnet.dll
Event: 3.450 Loaded shared library C:\Program Files\Java\jdk-21\bin\sunmscapi.dll

Deoptimization events (20 events):
Event: 12.348 Thread 0x0000017418b79230 Uncommon trap: trap_request=0xffffff45 fr.pc=0x00000173c585b110 relative=0x0000000000000130
Event: 12.348 Thread 0x0000017418b79230 Uncommon trap: reason=unstable_if action=reinterpret pc=0x00000173c585b110 method=java.net.URI.match(CJJ)Z @ 45 c2
Event: 12.348 Thread 0x0000017418b79230 DEOPT PACKING pc=0x00000173c585b110 sp=0x0000004f9fef8820
Event: 12.348 Thread 0x0000017418b79230 DEOPT UNPACKING pc=0x00000173c51046a2 sp=0x0000004f9fef8748 mode 2
Event: 12.396 Thread 0x0000017418b79230 Uncommon trap: trap_request=0xffffff45 fr.pc=0x00000173c56723d0 relative=0x00000000000000b0
Event: 12.396 Thread 0x0000017418b79230 Uncommon trap: reason=unstable_if action=reinterpret pc=0x00000173c56723d0 method=java.net.URI.match(CJJ)Z @ 45 c2
Event: 12.396 Thread 0x0000017418b79230 DEOPT PACKING pc=0x00000173c56723d0 sp=0x0000004f9fef87b0
Event: 12.396 Thread 0x0000017418b79230 DEOPT UNPACKING pc=0x00000173c51046a2 sp=0x0000004f9fef8740 mode 2
Event: 12.594 Thread 0x0000017418b79230 Uncommon trap: trap_request=0xffffff45 fr.pc=0x00000173c58a8ce4 relative=0x00000000000002e4
Event: 12.594 Thread 0x0000017418b79230 Uncommon trap: reason=unstable_if action=reinterpret pc=0x00000173c58a8ce4 method=org.gradle.internal.snapshot.PathUtil.equalChars(CCLorg/gradle/internal/snapshot/CaseSensitivity;)Z @ 40 c2
Event: 12.594 Thread 0x0000017418b79230 DEOPT PACKING pc=0x00000173c58a8ce4 sp=0x0000004f9fef63b0
Event: 12.594 Thread 0x0000017418b79230 DEOPT UNPACKING pc=0x00000173c51046a2 sp=0x0000004f9fef6330 mode 2
Event: 12.612 Thread 0x0000017418b79230 Uncommon trap: trap_request=0xffffffc6 fr.pc=0x00000173c57dfc5c relative=0x00000000000002fc
Event: 12.612 Thread 0x0000017418b79230 Uncommon trap: reason=bimorphic_or_optimized_type_check action=maybe_recompile pc=0x00000173c57dfc5c method=com.google.common.base.CharMatcher.indexIn(Ljava/lang/CharSequence;I)I @ 31 c2
Event: 12.612 Thread 0x0000017418b79230 DEOPT PACKING pc=0x00000173c57dfc5c sp=0x0000004f9fef8cb0
Event: 12.612 Thread 0x0000017418b79230 DEOPT UNPACKING pc=0x00000173c51046a2 sp=0x0000004f9fef8c58 mode 2
Event: 12.620 Thread 0x0000017418b79230 Uncommon trap: trap_request=0xffffffc6 fr.pc=0x00000173c57dfc5c relative=0x00000000000002fc
Event: 12.620 Thread 0x0000017418b79230 Uncommon trap: reason=bimorphic_or_optimized_type_check action=maybe_recompile pc=0x00000173c57dfc5c method=com.google.common.base.CharMatcher.indexIn(Ljava/lang/CharSequence;I)I @ 31 c2
Event: 12.620 Thread 0x0000017418b79230 DEOPT PACKING pc=0x00000173c57dfc5c sp=0x0000004f9fef8260
Event: 12.620 Thread 0x0000017418b79230 DEOPT UNPACKING pc=0x00000173c51046a2 sp=0x0000004f9fef8208 mode 2

Classes loaded (20 events):
Event: 12.260 Loading class java/lang/StringIndexOutOfBoundsException
Event: 12.261 Loading class java/lang/StringIndexOutOfBoundsException done
Event: 12.351 Loading class javax/net/ssl/HostnameVerifier
Event: 12.352 Loading class javax/net/ssl/HostnameVerifier done
Event: 12.354 Loading class javax/net/ssl/TrustManager
Event: 12.354 Loading class javax/net/ssl/TrustManager done
Event: 12.355 Loading class javax/net/ssl/X509TrustManager
Event: 12.355 Loading class javax/net/ssl/X509TrustManager done
Event: 12.360 Loading class javax/net/ssl/SSLException
Event: 12.361 Loading class javax/net/ssl/SSLException done
Event: 12.361 Loading class javax/net/ssl/SSLPeerUnverifiedException
Event: 12.361 Loading class javax/net/ssl/SSLPeerUnverifiedException done
Event: 12.361 Loading class java/security/cert/CertificateParsingException
Event: 12.362 Loading class java/security/cert/CertificateException
Event: 12.362 Loading class java/security/cert/CertificateException done
Event: 12.362 Loading class java/security/cert/CertificateParsingException done
Event: 12.362 Loading class javax/naming/NamingException
Event: 12.362 Loading class javax/naming/NamingException done
Event: 12.362 Loading class javax/naming/InvalidNameException
Event: 12.362 Loading class javax/naming/InvalidNameException done

Classes unloaded (0 events):
No events

Classes redefined (0 events):
No events

Internal exceptions (20 events):
Event: 11.768 Thread 0x0000017418b79230 Exception <a 'java/lang/NoSuchMethodError'{0x0000000084f8ccc8}: 'java.lang.Object java.lang.invoke.DelegatingMethodHandle$Holder.reinvoke_L(java.lang.Object, java.lang.Object, java.lang.Object, java.lang.Object, java.lang.Object, java.lang.Object, java.lang.Object, java.lang.Object, java.lang.Object, java.lang.Object, java.lang.Object, java.lang.Object, java.lang.Object, java.lang.Object, java.lang.Object, java.lang.Object, java.lang.Object, java.lang.Object, java.lang.Object)'> (0x0000000084f8ccc8) 
throw
Event: 11.776 Thread 0x0000017418b79230 Exception <a 'java/lang/IncompatibleClassChangeError'{0x0000000084e27390}: Found class java.lang.Object, but interface was expected> (0x0000000084e27390) 
thrown [s\open\src\hotspot\share\interpreter\linkResolver.cpp, line 840]
Event: 11.882 Thread 0x0000017418b79230 Exception <a 'java/lang/ClassNotFoundException'{0x0000000084925430}: org/jetbrains/plugins/gradle/model/web/WebConfigurationBeanInfo> (0x0000000084925430) 
thrown [s\open\src\hotspot\share\classfile\systemDictionary.cpp, line 312]
Event: 11.882 Thread 0x0000017418b79230 Exception <a 'java/lang/ClassNotFoundException'{0x000000008492ce18}: org/jetbrains/plugins/gradle/model/web/WebConfigurationCustomizer> (0x000000008492ce18) 
thrown [s\open\src\hotspot\share\classfile\systemDictionary.cpp, line 312]
Event: 11.885 Thread 0x0000017418b79230 Exception <a 'java/lang/ClassNotFoundException'{0x00000000849564f8}: org/jetbrains/plugins/gradle/model/scala/ScalaModelBeanInfo> (0x00000000849564f8) 
thrown [s\open\src\hotspot\share\classfile\systemDictionary.cpp, line 312]
Event: 11.886 Thread 0x0000017418b79230 Exception <a 'java/lang/ClassNotFoundException'{0x000000008495de50}: org/jetbrains/plugins/gradle/model/scala/ScalaModelCustomizer> (0x000000008495de50) 
thrown [s\open\src\hotspot\share\classfile\systemDictionary.cpp, line 312]
Event: 11.894 Thread 0x0000017418b79230 Exception <a 'java/lang/ClassNotFoundException'{0x0000000084997868}: org/jetbrains/plugins/gradle/model/DependencyAccessorsModelBeanInfo> (0x0000000084997868) 
thrown [s\open\src\hotspot\share\classfile\systemDictionary.cpp, line 312]
Event: 11.894 Thread 0x0000017418b79230 Exception <a 'java/lang/ClassNotFoundException'{0x000000008499f278}: org/jetbrains/plugins/gradle/model/DependencyAccessorsModelCustomizer> (0x000000008499f278) 
thrown [s\open\src\hotspot\share\classfile\systemDictionary.cpp, line 312]
Event: 12.053 Thread 0x0000017418b79230 Exception <a 'java/lang/ClassNotFoundException'{0x00000000841b80a8}: org/gradle/api/internal/project/DefaultProject_DecoratedBeanInfo> (0x00000000841b80a8) 
thrown [s\open\src\hotspot\share\classfile\systemDictionary.cpp, line 312]
Event: 12.054 Thread 0x0000017418b79230 Exception <a 'java/lang/ClassNotFoundException'{0x00000000841c39b8}: org/gradle/api/internal/project/DefaultProjectBeanInfo> (0x00000000841c39b8) 
thrown [s\open\src\hotspot\share\classfile\systemDictionary.cpp, line 312]
Event: 12.054 Thread 0x0000017418b79230 Exception <a 'java/lang/ClassNotFoundException'{0x00000000841cf2f0}: org/gradle/api/internal/project/DefaultProjectCustomizer> (0x00000000841cf2f0) 
thrown [s\open\src\hotspot\share\classfile\systemDictionary.cpp, line 312]
Event: 12.068 Thread 0x0000017418b79230 Exception <a 'java/lang/ClassNotFoundException'{0x00000000ffe84d18}: org/gradle/api/internal/project/DefaultProject_DecoratedCustomizer> (0x00000000ffe84d18) 
thrown [s\open\src\hotspot\share\classfile\systemDictionary.cpp, line 312]
Event: 12.231 Thread 0x0000017418b79230 Exception <a 'java/lang/NoSuchMethodError'{0x000000008549b1f8}: 'long java.lang.invoke.DirectMethodHandle$Holder.invokeStatic(java.lang.Object, long)'> (0x000000008549b1f8) 
thrown [s\open\src\hotspot\share\interpreter\linkResolver.cpp, line 773]
Event: 12.538 Thread 0x0000017418b79230 Exception <a 'java/lang/NoSuchMethodError'{0x0000000084d24028}: 'java.lang.Object java.lang.invoke.DelegatingMethodHandle$Holder.reinvoke_L(java.lang.Object, java.lang.Object, java.lang.Object, java.lang.Object, java.lang.Object, java.lang.Object, java.lang.Object, java.lang.Object, java.lang.Object, java.lang.Object, java.lang.Object, java.lang.Object, java.lang.Object, java.lang.Object, java.lang.Object, java.lang.Object, java.lang.Object, java.lang.Object, java.lang.Object, java.lang.Object, java.lang.O
Event: 12.540 Thread 0x0000017418b79230 Exception <a 'java/lang/NoSuchMethodError'{0x0000000084d2eaa8}: 'java.lang.Object java.lang.invoke.Invokers$Holder.invoker(java.lang.Object, java.lang.Object, java.lang.Object, java.lang.Object, java.lang.Object, java.lang.Object, java.lang.Object, java.lang.Object, java.lang.Object, java.lang.Object, java.lang.Object, java.lang.Object, java.lang.Object, java.lang.Object, java.lang.Object, java.lang.Object, java.lang.Object, java.lang.Object, java.lang.Object, java.lang.Object, java.lang.Object)'> (0x00000
Event: 12.541 Thread 0x0000017418b79230 Exception <a 'java/lang/NoSuchMethodError'{0x0000000084d34d60}: 'java.lang.Object java.lang.invoke.DelegatingMethodHandle$Holder.delegate(java.lang.Object, java.lang.Object, java.lang.Object, java.lang.Object, java.lang.Object, java.lang.Object, java.lang.Object, java.lang.Object, java.lang.Object, java.lang.Object, java.lang.Object, java.lang.Object, java.lang.Object, java.lang.Object, java.lang.Object, java.lang.Object, java.lang.Object, java.lang.Object, java.lang.Object, java.lang.Object, java.lang.Obj
Event: 12.825 Thread 0x0000017418b79230 Exception <a 'java/lang/NoSuchMethodError'{0x00000000847dc3b0}: 'int java.lang.invoke.DirectMethodHandle$Holder.invokeSpecialIFC(java.lang.Object, java.lang.Object, java.lang.Object)'> (0x00000000847dc3b0) 
thrown [s\open\src\hotspot\share\interpreter\linkResolver.cpp, line 773]
Event: 12.885 Thread 0x0000017418b79230 Exception <a 'java/lang/NoSuchMethodError'{0x000000008432b228}: 'java.lang.Object java.lang.invoke.DirectMethodHandle$Holder.newInvokeSpecial(java.lang.Object, java.lang.Object, java.lang.Object, java.lang.Object, java.lang.Object, int)'> (0x000000008432b228) 
thrown [s\open\src\hotspot\share\interpreter\linkResolver.cpp, line 773]
Event: 12.886 Thread 0x0000017418b79230 Exception <a 'java/lang/NoSuchMethodError'{0x0000000084330568}: 'java.lang.Object java.lang.invoke.DirectMethodHandle$Holder.invokeSpecial(java.lang.Object, java.lang.Object, java.lang.Object, java.lang.Object, java.lang.Object, java.lang.Object, int)'> (0x0000000084330568) 
thrown [s\open\src\hotspot\share\interpreter\linkResolver.cpp, line 773]
Event: 12.897 Thread 0x0000017418b79230 Exception <a 'java/lang/NoSuchMethodError'{0x00000000843ce860}: 'void java.lang.invoke.DirectMethodHandle$Holder.invokeStatic(java.lang.Object, java.lang.Object, java.lang.Object, int, java.lang.Object)'> (0x00000000843ce860) 
thrown [s\open\src\hotspot\share\interpreter\linkResolver.cpp, line 773]

ZGC Phase Switch (0 events):
No events

VM Operations (20 events):
Event: 10.686 Executing VM operation: G1TryInitiateConcMark (G1 Humongous Allocation) done
Event: 10.721 Executing VM operation: G1PauseRemark
Event: 10.725 Executing VM operation: G1PauseRemark done
Event: 10.742 Executing VM operation: G1PauseCleanup
Event: 10.742 Executing VM operation: G1PauseCleanup done
Event: 11.419 Executing VM operation: G1CollectForAllocation (G1 Evacuation Pause)
Event: 11.422 Executing VM operation: G1CollectForAllocation (G1 Evacuation Pause) done
Event: 11.509 Executing VM operation: HandshakeAllThreads (Deoptimize)
Event: 11.509 Executing VM operation: HandshakeAllThreads (Deoptimize) done
Event: 11.984 Executing VM operation: HandshakeAllThreads (Deoptimize)
Event: 11.984 Executing VM operation: HandshakeAllThreads (Deoptimize) done
Event: 12.010 Executing VM operation: ICBufferFull
Event: 12.010 Executing VM operation: ICBufferFull done
Event: 12.058 Executing VM operation: G1CollectForAllocation (G1 Evacuation Pause)
Event: 12.063 Executing VM operation: G1CollectForAllocation (G1 Evacuation Pause) done
Event: 12.845 Executing VM operation: HandshakeAllThreads (Deoptimize)
Event: 12.845 Executing VM operation: HandshakeAllThreads (Deoptimize) done
Event: 13.067 Executing VM operation: G1CollectForAllocation (G1 Evacuation Pause)
Event: 13.077 Executing VM operation: G1CollectForAllocation (G1 Evacuation Pause) done
Event: 13.120 Executing VM operation: G1PauseRemark

Events (20 events):
Event: 13.124 Thread 0x00000173d20d3b80 flushing nmethod 0x00000173bdba1890
Event: 13.124 Thread 0x00000173d20d3b80 flushing nmethod 0x00000173bdba0590
Event: 13.124 Thread 0x00000173d20d3b80 flushing nmethod 0x00000173c588bc10
Event: 13.124 Thread 0x00000173d20d3b80 flushing nmethod 0x00000173c5889090
Event: 13.124 Thread 0x00000173d20d3b80 flushing nmethod 0x00000173c58ab810
Event: 13.124 Thread 0x00000173d20d3b80 flushing nmethod 0x00000173c589c610
Event: 13.124 Thread 0x00000173d20d3b80 flushing nmethod 0x00000173c5894a10
Event: 13.124 Thread 0x00000173d20d3b80 flushing nmethod 0x00000173c5879510
Event: 13.124 Thread 0x00000173d20d3b80 flushing nmethod 0x00000173c5882c90
Event: 13.124 Thread 0x00000173d20d3b80 flushing nmethod 0x00000173c5882590
Event: 13.124 Thread 0x00000173d20d3b80 flushing nmethod 0x00000173c5830c10
Event: 13.124 Thread 0x00000173d20d3b80 flushing nmethod 0x00000173c5862310
Event: 13.124 Thread 0x00000173d20d3b80 flushing nmethod 0x00000173c57c3e10
Event: 13.124 Thread 0x00000173d20d3b80 flushing nmethod 0x00000173c5828610
Event: 13.124 Thread 0x00000173d20d3b80 flushing nmethod 0x00000173c57e0c10
Event: 13.124 Thread 0x00000173d20d3b80 flushing nmethod 0x00000173c5786110
Event: 13.124 Thread 0x00000173d20d3b80 flushing nmethod 0x00000173c5741590
Event: 13.124 Thread 0x00000173d20d3b80 flushing nmethod 0x00000173c5715090
Event: 13.124 Thread 0x00000173d20d3b80 flushing nmethod 0x00000173c5716410
Event: 13.124 Thread 0x00000173d20d3b80 flushing nmethod 0x00000173c56b4e90


Dynamic libraries:
0x00007ff617760000 - 0x00007ff617770000 	C:\Program Files\Java\jdk-21\bin\java.exe
0x00007ffa96df0000 - 0x00007ffa96fe8000 	C:\WINDOWS\SYSTEM32\ntdll.dll
0x00007ffa95370000 - 0x00007ffa9542d000 	C:\WINDOWS\System32\KERNEL32.DLL
0x00007ffa944a0000 - 0x00007ffa94796000 	C:\WINDOWS\System32\KERNELBASE.dll
0x00007ffa94860000 - 0x00007ffa94960000 	C:\WINDOWS\System32\ucrtbase.dll
0x00007ffa8ed80000 - 0x00007ffa8ed9b000 	C:\Program Files\Java\jdk-21\bin\VCRUNTIME140.dll
0x00007ffa91a00000 - 0x00007ffa91a19000 	C:\Program Files\Java\jdk-21\bin\jli.dll
0x00007ffa95220000 - 0x00007ffa952d0000 	C:\WINDOWS\System32\ADVAPI32.dll
0x00007ffa952d0000 - 0x00007ffa9536e000 	C:\WINDOWS\System32\msvcrt.dll
0x00007ffa96a50000 - 0x00007ffa96af0000 	C:\WINDOWS\System32\sechost.dll
0x00007ffa96c50000 - 0x00007ffa96d73000 	C:\WINDOWS\System32\RPCRT4.dll
0x00007ffa94c20000 - 0x00007ffa94c47000 	C:\WINDOWS\System32\bcrypt.dll
0x00007ffa954a0000 - 0x00007ffa9563f000 	C:\WINDOWS\System32\USER32.dll
0x00007ffa94bf0000 - 0x00007ffa94c12000 	C:\WINDOWS\System32\win32u.dll
0x00007ffa84fc0000 - 0x00007ffa8525a000 	C:\WINDOWS\WinSxS\amd64_microsoft.windows.common-controls_6595b64144ccf1df_6.0.19041.4355_none_60b8b9eb71f62e16\COMCTL32.dll
0x00007ffa96d80000 - 0x00007ffa96dab000 	C:\WINDOWS\System32\GDI32.dll
0x00007ffa94d00000 - 0x00007ffa94e17000 	C:\WINDOWS\System32\gdi32full.dll
0x00007ffa949f0000 - 0x00007ffa94a8d000 	C:\WINDOWS\System32\msvcp_win.dll
0x00007ffa883e0000 - 0x00007ffa883ea000 	C:\WINDOWS\SYSTEM32\VERSION.dll
0x00007ffa96c10000 - 0x00007ffa96c42000 	C:\WINDOWS\System32\IMM32.DLL
0x00007ffa919f0000 - 0x00007ffa919fc000 	C:\Program Files\Java\jdk-21\bin\vcruntime140_1.dll
0x00007ffa8d5c0000 - 0x00007ffa8d64e000 	C:\Program Files\Java\jdk-21\bin\msvcp140.dll
0x00007ffa4a1e0000 - 0x00007ffa4aef7000 	C:\Program Files\Java\jdk-21\bin\server\jvm.dll
0x00007ffa96220000 - 0x00007ffa9628b000 	C:\WINDOWS\System32\WS2_32.dll
0x00007ffa93a20000 - 0x00007ffa93a6b000 	C:\WINDOWS\SYSTEM32\POWRPROF.dll
0x00007ffa88440000 - 0x00007ffa88467000 	C:\WINDOWS\SYSTEM32\WINMM.dll
0x00007ffa93890000 - 0x00007ffa938a2000 	C:\WINDOWS\SYSTEM32\UMPDC.dll
0x00007ffa92320000 - 0x00007ffa92332000 	C:\WINDOWS\SYSTEM32\kernel.appcore.dll
0x00007ffa8dd90000 - 0x00007ffa8dd9a000 	C:\Program Files\Java\jdk-21\bin\jimage.dll
0x00007ffa7dfa0000 - 0x00007ffa7e184000 	C:\WINDOWS\SYSTEM32\DBGHELP.DLL
0x00007ffa7df60000 - 0x00007ffa7df94000 	C:\WINDOWS\SYSTEM32\dbgcore.DLL
0x00007ffa94960000 - 0x00007ffa949e2000 	C:\WINDOWS\System32\bcryptPrimitives.dll
0x00007ffa8dcf0000 - 0x00007ffa8dcff000 	C:\Program Files\Java\jdk-21\bin\instrument.dll
0x00007ffa8dcd0000 - 0x00007ffa8dcef000 	C:\Program Files\Java\jdk-21\bin\java.dll
0x00007ffa95ab0000 - 0x00007ffa9621b000 	C:\WINDOWS\System32\SHELL32.dll
0x00007ffa92520000 - 0x00007ffa92cbd000 	C:\WINDOWS\SYSTEM32\windows.storage.dll
0x00007ffa966f0000 - 0x00007ffa96a43000 	C:\WINDOWS\System32\combase.dll
0x00007ffa93ec0000 - 0x00007ffa93eee000 	C:\WINDOWS\SYSTEM32\Wldp.dll
0x00007ffa96570000 - 0x00007ffa9663d000 	C:\WINDOWS\System32\OLEAUT32.dll
0x00007ffa96640000 - 0x00007ffa966ed000 	C:\WINDOWS\System32\SHCORE.dll
0x00007ffa95430000 - 0x00007ffa95485000 	C:\WINDOWS\System32\shlwapi.dll
0x00007ffa943d0000 - 0x00007ffa943f4000 	C:\WINDOWS\SYSTEM32\profapi.dll
0x00007ffa69190000 - 0x00007ffa69267000 	C:\Program Files\Java\jdk-21\bin\jsvml.dll
0x00007ffa8dcb0000 - 0x00007ffa8dcc8000 	C:\Program Files\Java\jdk-21\bin\zip.dll
0x00007ffa8dca0000 - 0x00007ffa8dcb0000 	C:\Program Files\Java\jdk-21\bin\net.dll
0x00007ffa8cd70000 - 0x00007ffa8ce7a000 	C:\WINDOWS\SYSTEM32\WINHTTP.dll
0x00007ffa93c20000 - 0x00007ffa93c8a000 	C:\WINDOWS\system32\mswsock.dll
0x00007ffa8d5a0000 - 0x00007ffa8d5b6000 	C:\Program Files\Java\jdk-21\bin\nio.dll
0x00007ffa8dc90000 - 0x00007ffa8dca0000 	C:\Program Files\Java\jdk-21\bin\verify.dll
0x00007ffa8af60000 - 0x00007ffa8af87000 	C:\Users\User\.gradle\native\68d5fa5c4cc2d200863cafc0d521ce42e7d3e7ee720ec0a83991735586a16f82\windows-amd64\native-platform.dll
0x00007ffa6a0e0000 - 0x00007ffa6a224000 	C:\Users\User\.gradle\native\e376f236ea51e6404a007f0833ffe2c6e607c4080706a723a18a27aeea778392\windows-amd64\native-platform-file-events.dll
0x00007ffa8d410000 - 0x00007ffa8d41a000 	C:\Program Files\Java\jdk-21\bin\management.dll
0x00007ffa8d400000 - 0x00007ffa8d40b000 	C:\Program Files\Java\jdk-21\bin\management_ext.dll
0x00007ffa95490000 - 0x00007ffa95498000 	C:\WINDOWS\System32\PSAPI.DLL
0x00007ffa93e10000 - 0x00007ffa93e28000 	C:\WINDOWS\SYSTEM32\CRYPTSP.dll
0x00007ffa934d0000 - 0x00007ffa93504000 	C:\WINDOWS\system32\rsaenh.dll
0x00007ffa94380000 - 0x00007ffa943ae000 	C:\WINDOWS\SYSTEM32\USERENV.dll
0x00007ffa93e30000 - 0x00007ffa93e3c000 	C:\WINDOWS\SYSTEM32\CRYPTBASE.dll
0x00007ffa938b0000 - 0x00007ffa938eb000 	C:\WINDOWS\SYSTEM32\IPHLPAPI.DLL
0x00007ffa964a0000 - 0x00007ffa964a8000 	C:\WINDOWS\System32\NSI.dll
0x00007ffa8d3f0000 - 0x00007ffa8d3f9000 	C:\Program Files\Java\jdk-21\bin\extnet.dll
0x00007ffa8d3e0000 - 0x00007ffa8d3ee000 	C:\Program Files\Java\jdk-21\bin\sunmscapi.dll
0x00007ffa94a90000 - 0x00007ffa94bee000 	C:\WINDOWS\System32\CRYPT32.dll
0x00007ffa93f30000 - 0x00007ffa93f59000 	C:\WINDOWS\SYSTEM32\ncrypt.dll
0x00007ffa93ef0000 - 0x00007ffa93f2b000 	C:\WINDOWS\SYSTEM32\NTASN1.dll
0x00007ffa91a40000 - 0x00007ffa91a47000 	C:\WINDOWS\system32\wshunix.dll

dbghelp: loaded successfully - version: 4.0.5 - missing functions: none
symbol engine: initialized successfully - sym options: 0x614 - pdb path: .;C:\Program Files\Java\jdk-21\bin;C:\WINDOWS\SYSTEM32;C:\WINDOWS\WinSxS\amd64_microsoft.windows.common-controls_6595b64144ccf1df_6.0.19041.4355_none_60b8b9eb71f62e16;C:\Program Files\Java\jdk-21\bin\server;C:\Users\User\.gradle\native\68d5fa5c4cc2d200863cafc0d521ce42e7d3e7ee720ec0a83991735586a16f82\windows-amd64;C:\Users\User\.gradle\native\e376f236ea51e6404a007f0833ffe2c6e607c4080706a723a18a27aeea778392\windows-amd64

VM Arguments:
jvm_args: --add-opens=java.base/java.util=ALL-UNNAMED --add-opens=java.base/java.lang=ALL-UNNAMED --add-opens=java.base/java.lang.invoke=ALL-UNNAMED --add-opens=java.prefs/java.util.prefs=ALL-UNNAMED --add-opens=java.base/java.nio.charset=ALL-UNNAMED --add-opens=java.base/java.net=ALL-UNNAMED --add-opens=java.base/java.util.concurrent.atomic=ALL-UNNAMED -Xmx2048m -Dfile.encoding=UTF-8 -Duser.country=US -Duser.language=en -Duser.variant -javaagent:C:\Users\User\.gradle\wrapper\dists\gradle-8.2-bin\bbg7u40eoinfdyxsxr3z4i7ta\gradle-8.2\lib\agents\gradle-instrumentation-agent-8.2.jar 
java_command: org.gradle.launcher.daemon.bootstrap.GradleDaemon 8.2
java_class_path (initial): C:\Users\User\.gradle\wrapper\dists\gradle-8.2-bin\bbg7u40eoinfdyxsxr3z4i7ta\gradle-8.2\lib\gradle-launcher-8.2.jar
Launcher Type: SUN_STANDARD

[Global flags]
     intx CICompilerCount                          = 4                                         {product} {ergonomic}
     uint ConcGCThreads                            = 2                                         {product} {ergonomic}
     uint G1ConcRefinementThreads                  = 8                                         {product} {ergonomic}
   size_t G1HeapRegionSize                         = 1048576                                   {product} {ergonomic}
    uintx GCDrainStackTargetSize                   = 64                                        {product} {ergonomic}
   size_t InitialHeapSize                          = 134217728                                 {product} {ergonomic}
   size_t MarkStackSize                            = 4194304                                   {product} {ergonomic}
   size_t MaxHeapSize                              = 2147483648                                {product} {command line}
   size_t MaxNewSize                               = 1287651328                                {product} {ergonomic}
   size_t MinHeapDeltaBytes                        = 1048576                                   {product} {ergonomic}
   size_t MinHeapSize                              = 8388608                                   {product} {ergonomic}
    uintx NonNMethodCodeHeapSize                   = 5839372                                {pd product} {ergonomic}
    uintx NonProfiledCodeHeapSize                  = 122909434                              {pd product} {ergonomic}
    uintx ProfiledCodeHeapSize                     = 122909434                              {pd product} {ergonomic}
    uintx ReservedCodeCacheSize                    = 251658240                              {pd product} {ergonomic}
     bool SegmentedCodeCache                       = true                                      {product} {ergonomic}
   size_t SoftMaxHeapSize                          = 2147483648                             {manageable} {ergonomic}
     bool UseCompressedOops                        = true                           {product lp64_product} {ergonomic}
     bool UseG1GC                                  = true                                      {product} {ergonomic}
     bool UseLargePagesIndividualAllocation        = false                                  {pd product} {ergonomic}

Logging:
Log output configuration:
 #0: stdout all=warning uptime,level,tags foldmultilines=false
 #1: stderr all=off uptime,level,tags foldmultilines=false

Environment Variables:
JAVA_HOME=C:\Program Files\Java\jdk-21
PATH=C:\Program Files\Common Files\Oracle\Java\javapath;C:\WINDOWS\system32;C:\WINDOWS;C:\WINDOWS\System32\Wbem;C:\WINDOWS\System32\WindowsPowerShell\v1.0\;C:\WINDOWS\System32\OpenSSH\;C:\Program Files\Git\cmd;C:\Program Files\Java\jdk-21;C:\Users\User\AppData\Local\Programs\Python\Launcher\;C:\Users\User\AppData\Local\Microsoft\WindowsApps;C:\Users\User\AppData\Local\Programs\Microsoft VS Code\bin;C:\Users\User\AppData\Local\GitHubDesktop\bin;C:\Program Files\JetBrains\IntelliJ IDEA Community Edition 2023.3.6\bin;;C:\Users\User\.detaspace\bin
USERNAME=User
OS=Windows_NT
PROCESSOR_IDENTIFIER=Intel64 Family 6 Model 60 Stepping 3, GenuineIntel
TMP=C:\Users\User\AppData\Local\Temp
TEMP=C:\Users\User\AppData\Local\Temp




Periodic native trim disabled

---------------  S Y S T E M  ---------------

OS:
 Windows 10 , 64 bit Build 19041 (10.0.19041.3636)
OS uptime: 2 days 22:49 hours

CPU: total 8 (initial active 8) (4 cores per cpu, 2 threads per core) family 6 model 60 stepping 3 microcode 0x27, cx8, cmov, fxsr, ht, mmx, sse, sse2, sse3, ssse3, sse4.1, sse4.2, popcnt, lzcnt, tsc, tscinvbit, avx, avx2, aes, erms, clmul, bmi1, bmi2, fma, vzeroupper, clflush, rdtscp, f16c
Processor Information for all 8 processors :
  Max Mhz: 2801, Current Mhz: 2801, Mhz Limit: 2801

Memory: 4k page, system-wide physical 8097M (394M free)
TotalPageFile size 19295M (AvailPageFile size 3M)
current process WorkingSet (physical memory assigned to process): 284M, peak: 294M
current process commit charge ("private bytes"): 326M, peak: 337M

vm_info: Java HotSpot(TM) 64-Bit Server VM (21.0.2+13-LTS-58) for windows-amd64 JRE (21.0.2+13-LTS-58), built on 2024-01-05T18:32:24Z by "mach5one" with MS VC++ 17.1 (VS2022)

END.
