#
# There is insufficient memory for the Java Runtime Environment to continue.
# Native memory allocation (mmap) failed to map 1048576 bytes for G1 virtual space
# Possible reasons:
#   The system is out of physical RAM or swap space
#   The process is running with CompressedOops enabled, and the Java Heap may be blocking the growth of the native heap
# Possible solutions:
#   Reduce memory load on the system
#   Increase physical memory or swap space
#   Check if swap backing store is full
#   Decrease Java heap size (-Xmx/-Xms)
#   Decrease number of Java threads
#   Decrease Java thread stack sizes (-Xss)
#   Set larger code cache with -XX:ReservedCodeCacheSize=
#   JVM is running with Unscaled Compressed Oops mode in which the Java heap is
#     placed in the first 4GB address space. The Java Heap base address is the
#     maximum limit for the native heap growth. Please use -XX:HeapBaseMinAddress
#     to set the Java Heap base and to place the Java Heap above 4GB virtual address.
# This output file may be truncated or incomplete.
#
#  Out of Memory Error (os_windows.cpp:3600), pid=1332, tid=7296
#
# JRE version: Java(TM) SE Runtime Environment (21.0.2+13) (build 21.0.2+13-LTS-58)
# Java VM: Java HotSpot(TM) 64-Bit Server VM (21.0.2+13-LTS-58, mixed mode, sharing, tiered, compressed oops, compressed class ptrs, g1 gc, windows-amd64)
# No core dump will be written. Minidumps are not enabled by default on client versions of Windows
#

---------------  S U M M A R Y ------------

Command Line: --add-opens=java.base/java.util=ALL-UNNAMED --add-opens=java.base/java.lang=ALL-UNNAMED --add-opens=java.base/java.lang.invoke=ALL-UNNAMED --add-opens=java.prefs/java.util.prefs=ALL-UNNAMED --add-opens=java.base/java.nio.charset=ALL-UNNAMED --add-opens=java.base/java.net=ALL-UNNAMED --add-opens=java.base/java.util.concurrent.atomic=ALL-UNNAMED -Xmx2048m -Dfile.encoding=UTF-8 -Duser.country=US -Duser.language=en -Duser.variant -javaagent:C:\Users\User\.gradle\wrapper\dists\gradle-8.2-bin\bbg7u40eoinfdyxsxr3z4i7ta\gradle-8.2\lib\agents\gradle-instrumentation-agent-8.2.jar org.gradle.launcher.daemon.bootstrap.GradleDaemon 8.2

Host: Intel(R) Core(TM) i7-4810MQ CPU @ 2.80GHz, 8 cores, 7G,  Windows 10 , 64 bit Build 19041 (10.0.19041.3636)
Time: Tue May 28 14:15:02 2024 SE Asia Standard Time elapsed time: 17.218597 seconds (0d 0h 0m 17s)

---------------  T H R E A D  ---------------

Current thread (0x000001e2dfd60fb0):  WorkerThread "GC Thread#0"    [id=7296, stack(0x000000d416600000,0x000000d416700000) (1024K)]

Stack: [0x000000d416600000,0x000000d416700000]
Native frames: (J=compiled Java code, j=interpreted, Vv=VM code, C=native code)
V  [jvm.dll+0x6cade9]
V  [jvm.dll+0x8569c1]
V  [jvm.dll+0x858d2e]
V  [jvm.dll+0x859413]
V  [jvm.dll+0x280e56]
V  [jvm.dll+0x6c74d5]
V  [jvm.dll+0x6bbeca]
V  [jvm.dll+0x355bca]
V  [jvm.dll+0x35d816]
V  [jvm.dll+0x3ae37b]
V  [jvm.dll+0x3aea14]
V  [jvm.dll+0x3aeadd]
V  [jvm.dll+0x32ac2c]
V  [jvm.dll+0x32a985]
V  [jvm.dll+0x31b466]
V  [jvm.dll+0x31c28a]
V  [jvm.dll+0x31c687]
V  [jvm.dll+0x31c0ee]
V  [jvm.dll+0x357a36]
V  [jvm.dll+0x357da3]
V  [jvm.dll+0x358efa]
V  [jvm.dll+0x358b74]
V  [jvm.dll+0x36cea9]
V  [jvm.dll+0x36d57a]
V  [jvm.dll+0x36d677]
V  [jvm.dll+0x36e55b]
V  [jvm.dll+0x883eb7]
V  [jvm.dll+0x7ff568]
V  [jvm.dll+0x6c953d]
C  [ucrtbase.dll+0x21bb2]
C  [KERNEL32.DLL+0x17344]
C  [ntdll.dll+0x526b1]


---------------  P R O C E S S  ---------------

Threads class SMR info:
_java_thread_list=0x000001e2ca289ac0, length=50, elements={
0x000001e2dfc011d0, 0x000001e2fe6bf600, 0x000001e2fe6c1580, 0x000001e2fe6c2390,
0x000001e2fe6c6240, 0x000001e2fe6c9450, 0x000001e2fe6c9ae0, 0x000001e2fe6d20b0,
0x000001e2fe6d6780, 0x000001e2fe6c8730, 0x000001e2fe6ca170, 0x000001e2fe6c7380,
0x000001e2fe6c7a10, 0x000001e2fe6c80a0, 0x000001e2c5d8c6e0, 0x000001e2c5d922c0,
0x000001e2c5d92fe0, 0x000001e2c5d8ee40, 0x000001e2c5d91c30, 0x000001e2c5d93670,
0x000001e2c5d8f4d0, 0x000001e2c5d92950, 0x000001e2c5d8fb60, 0x000001e2c5d90f10,
0x000001e2c5d901f0, 0x000001e2c5d915a0, 0x000001e2c5d8d400, 0x000001e2c5d93d00,
0x000001e2c5d8cd70, 0x000001e2c5d8da90, 0x000001e2c5d8e120, 0x000001e2c5d8e7b0,
0x000001e2c95a95b0, 0x000001e2c95adde0, 0x000001e2c95aa2d0, 0x000001e2c95ad750,
0x000001e2c95a9c40, 0x000001e2c95ac3a0, 0x000001e2c95a8200, 0x000001e2c95abd10,
0x000001e2c95aeb00, 0x000001e2c95aaff0, 0x000001e2c745d760, 0x000001e2c7461900,
0x000001e2c745fec0, 0x000001e2c745b000, 0x000001e2c7460550, 0x000001e2c7461270,
0x000001e2c745e480, 0x000001e2c745b690
}

Java Threads: ( => current thread )
  0x000001e2dfc011d0 JavaThread "main"                              [_thread_blocked, id=14664, stack(0x000000d416500000,0x000000d416600000) (1024K)]
  0x000001e2fe6bf600 JavaThread "Reference Handler"          daemon [_thread_blocked, id=9748, stack(0x000000d416d00000,0x000000d416e00000) (1024K)]
  0x000001e2fe6c1580 JavaThread "Finalizer"                  daemon [_thread_blocked, id=19220, stack(0x000000d416e00000,0x000000d416f00000) (1024K)]
  0x000001e2fe6c2390 JavaThread "Signal Dispatcher"          daemon [_thread_blocked, id=17960, stack(0x000000d416f00000,0x000000d417000000) (1024K)]
  0x000001e2fe6c6240 JavaThread "Attach Listener"            daemon [_thread_blocked, id=10568, stack(0x000000d417000000,0x000000d417100000) (1024K)]
  0x000001e2fe6c9450 JavaThread "Service Thread"             daemon [_thread_blocked, id=19944, stack(0x000000d417100000,0x000000d417200000) (1024K)]
  0x000001e2fe6c9ae0 JavaThread "Monitor Deflation Thread"   daemon [_thread_blocked, id=3384, stack(0x000000d417200000,0x000000d417300000) (1024K)]
  0x000001e2fe6d20b0 JavaThread "C2 CompilerThread0"         daemon [_thread_blocked, id=19800, stack(0x000000d417300000,0x000000d417400000) (1024K)]
  0x000001e2fe6d6780 JavaThread "C1 CompilerThread0"         daemon [_thread_blocked, id=14992, stack(0x000000d417400000,0x000000d417500000) (1024K)]
  0x000001e2fe6c8730 JavaThread "Common-Cleaner"             daemon [_thread_blocked, id=14768, stack(0x000000d417500000,0x000000d417600000) (1024K)]
  0x000001e2fe6ca170 JavaThread "Notification Thread"        daemon [_thread_blocked, id=15184, stack(0x000000d417600000,0x000000d417700000) (1024K)]
  0x000001e2fe6c7380 JavaThread "Daemon health stats"               [_thread_blocked, id=5896, stack(0x000000d417d00000,0x000000d417e00000) (1024K)]
  0x000001e2fe6c7a10 JavaThread "Incoming local TCP Connector on port 51129"        [_thread_in_native, id=4752, stack(0x000000d417e00000,0x000000d417f00000) (1024K)]
  0x000001e2fe6c80a0 JavaThread "Daemon periodic checks"            [_thread_blocked, id=15496, stack(0x000000d417f00000,0x000000d418000000) (1024K)]
  0x000001e2c5d8c6e0 JavaThread "Daemon"                            [_thread_blocked, id=20120, stack(0x000000d418000000,0x000000d418100000) (1024K)]
  0x000001e2c5d922c0 JavaThread "Daemon worker"                     [_thread_blocked, id=5880, stack(0x000000d418300000,0x000000d418400000) (1024K)]
  0x000001e2c5d92fe0 JavaThread "Handler for socket connection from /127.0.0.1:51129 to /127.0.0.1:51145"        [_thread_in_native, id=14184, stack(0x000000d417700000,0x000000d417800000) (1024K)]
  0x000001e2c5d8ee40 JavaThread "Cancel handler"                    [_thread_blocked, id=17304, stack(0x000000d417800000,0x000000d417900000) (1024K)]
  0x000001e2c5d91c30 JavaThread "Asynchronous log dispatcher for DefaultDaemonConnection: socket connection from /127.0.0.1:51129 to /127.0.0.1:51145"        [_thread_blocked, id=13108, stack(0x000000d418200000,0x000000d418300000) (1024K)]
  0x000001e2c5d93670 JavaThread "Stdin handler"                     [_thread_blocked, id=21164, stack(0x000000d418400000,0x000000d418500000) (1024K)]
  0x000001e2c5d8f4d0 JavaThread "Daemon client event forwarder"        [_thread_blocked, id=22028, stack(0x000000d418500000,0x000000d418600000) (1024K)]
  0x000001e2c5d92950 JavaThread "Cache worker for journal cache (C:\Users\User\.gradle\caches\journal-1)"        [_thread_blocked, id=10888, stack(0x000000d418600000,0x000000d418700000) (1024K)]
  0x000001e2c5d8fb60 JavaThread "File lock request listener"        [_thread_in_native, id=11716, stack(0x000000d418700000,0x000000d418800000) (1024K)]
  0x000001e2c5d90f10 JavaThread "Cache worker for file hash cache (C:\Users\User\.gradle\caches\8.2\fileHashes)"        [_thread_blocked, id=5496, stack(0x000000d418800000,0x000000d418900000) (1024K)]
  0x000001e2c5d901f0 JavaThread "File watcher server"        daemon [_thread_in_native, id=6232, stack(0x000000d418e00000,0x000000d418f00000) (1024K)]
  0x000001e2c5d915a0 JavaThread "File watcher consumer"      daemon [_thread_blocked, id=13000, stack(0x000000d418f00000,0x000000d419000000) (1024K)]
  0x000001e2c5d8d400 JavaThread "jar transforms"                    [_thread_blocked, id=18728, stack(0x000000d419000000,0x000000d419100000) (1024K)]
  0x000001e2c5d93d00 JavaThread "jar transforms Thread 2"           [_thread_blocked, id=1392, stack(0x000000d419100000,0x000000d419200000) (1024K)]
  0x000001e2c5d8cd70 JavaThread "jar transforms Thread 3"           [_thread_blocked, id=23272, stack(0x000000d419200000,0x000000d419300000) (1024K)]
  0x000001e2c5d8da90 JavaThread "jar transforms Thread 4"           [_thread_blocked, id=22172, stack(0x000000d419300000,0x000000d419400000) (1024K)]
  0x000001e2c5d8e120 JavaThread "jar transforms Thread 5"           [_thread_blocked, id=17752, stack(0x000000d419400000,0x000000d419500000) (1024K)]
  0x000001e2c5d8e7b0 JavaThread "jar transforms Thread 6"           [_thread_blocked, id=16092, stack(0x000000d419500000,0x000000d419600000) (1024K)]
  0x000001e2c95a95b0 JavaThread "jar transforms Thread 7"           [_thread_blocked, id=12232, stack(0x000000d419600000,0x000000d419700000) (1024K)]
  0x000001e2c95adde0 JavaThread "jar transforms Thread 8"           [_thread_blocked, id=10564, stack(0x000000d419700000,0x000000d419800000) (1024K)]
  0x000001e2c95aa2d0 JavaThread "Cache worker for checksums cache (D:\File_forStudy\HK6\Android\movie-booking-mobile\movie-frontend\.gradle\8.2\checksums)"        [_thread_blocked, id=6048, stack(0x000000d419800000,0x000000d419900000) (1024K)]
  0x000001e2c95ad750 JavaThread "Cache worker for cache directory md-rule (C:\Users\User\.gradle\caches\8.2\md-rule)"        [_thread_blocked, id=19444, stack(0x000000d419900000,0x000000d419a00000) (1024K)]
  0x000001e2c95a9c40 JavaThread "Cache worker for file content cache (C:\Users\User\.gradle\caches\8.2\fileContent)"        [_thread_blocked, id=14012, stack(0x000000d419a00000,0x000000d419b00000) (1024K)]
  0x000001e2c95ac3a0 JavaThread "Cache worker for file hash cache (D:\File_forStudy\HK6\Android\movie-booking-mobile\movie-frontend\.gradle\8.2\fileHashes)"        [_thread_blocked, id=11684, stack(0x000000d419b00000,0x000000d419c00000) (1024K)]
  0x000001e2c95a8200 JavaThread "Cache worker for cache directory md-supplier (C:\Users\User\.gradle\caches\8.2\md-supplier)"        [_thread_blocked, id=1468, stack(0x000000d419c00000,0x000000d419d00000) (1024K)]
  0x000001e2c95abd10 JavaThread "Cache worker for execution history cache (C:\Users\User\.gradle\caches\8.2\executionHistory)"        [_thread_blocked, id=21620, stack(0x000000d419d00000,0x000000d419e00000) (1024K)]
  0x000001e2c95aeb00 JavaThread "Cache worker for kotlin-dsl (C:\Users\User\.gradle\caches\8.2\kotlin-dsl)"        [_thread_blocked, id=20920, stack(0x000000d419e00000,0x000000d419f00000) (1024K)]
  0x000001e2c95aaff0 JavaThread "Cache worker for dependencies-accessors (D:\File_forStudy\HK6\Android\movie-booking-mobile\movie-frontend\.gradle\8.2\dependencies-accessors)"        [_thread_blocked, id=13536, stack(0x000000d418d00000,0x000000d418e00000) (1024K)]
  0x000001e2c745d760 JavaThread "Cache worker for Build Output Cleanup Cache (D:\File_forStudy\HK6\Android\movie-booking-mobile\movie-frontend\.gradle\buildOutputCleanup)"        [_thread_blocked, id=3616, stack(0x000000d419f00000,0x000000d41a000000) (1024K)]
  0x000001e2c7461900 JavaThread "Unconstrained build operations"        [_thread_blocked, id=6896, stack(0x000000d418100000,0x000000d418200000) (1024K)]
  0x000001e2c745fec0 JavaThread "Unconstrained build operations Thread 2"        [_thread_blocked, id=23036, stack(0x000000d41a000000,0x000000d41a100000) (1024K)]
  0x000001e2c745b000 JavaThread "Unconstrained build operations Thread 3"        [_thread_blocked, id=8160, stack(0x000000d41a100000,0x000000d41a200000) (1024K)]
  0x000001e2c7460550 JavaThread "Unconstrained build operations Thread 4"        [_thread_blocked, id=17188, stack(0x000000d41a200000,0x000000d41a300000) (1024K)]
  0x000001e2c7461270 JavaThread "Unconstrained build operations Thread 5"        [_thread_blocked, id=22468, stack(0x000000d41a300000,0x000000d41a400000) (1024K)]
  0x000001e2c745e480 JavaThread "Unconstrained build operations Thread 6"        [_thread_blocked, id=22912, stack(0x000000d41a400000,0x000000d41a500000) (1024K)]
  0x000001e2c745b690 JavaThread "Unconstrained build operations Thread 7"        [_thread_blocked, id=5028, stack(0x000000d41a500000,0x000000d41a600000) (1024K)]
Total: 50

Other Threads:
  0x000001e2fe699940 VMThread "VM Thread"                           [id=10144, stack(0x000000d416c00000,0x000000d416d00000) (1024K)]
  0x000001e2fe683dd0 WatcherThread "VM Periodic Task Thread"        [id=23336, stack(0x000000d416b00000,0x000000d416c00000) (1024K)]
=>0x000001e2dfd60fb0 WorkerThread "GC Thread#0"                     [id=7296, stack(0x000000d416600000,0x000000d416700000) (1024K)]
  0x000001e2c514f8e0 WorkerThread "GC Thread#1"                     [id=22116, stack(0x000000d417900000,0x000000d417a00000) (1024K)]
  0x000001e2c514fc80 WorkerThread "GC Thread#2"                     [id=18788, stack(0x000000d417a00000,0x000000d417b00000) (1024K)]
  0x000001e2c50a76a0 WorkerThread "GC Thread#3"                     [id=19440, stack(0x000000d417b00000,0x000000d417c00000) (1024K)]
  0x000001e2c50a7a40 WorkerThread "GC Thread#4"                     [id=13472, stack(0x000000d417c00000,0x000000d417d00000) (1024K)]
  0x000001e2c6290490 WorkerThread "GC Thread#5"                     [id=14352, stack(0x000000d418900000,0x000000d418a00000) (1024K)]
  0x000001e2c6290830 WorkerThread "GC Thread#6"                     [id=5372, stack(0x000000d418a00000,0x000000d418b00000) (1024K)]
  0x000001e2c628f9b0 WorkerThread "GC Thread#7"                     [id=21908, stack(0x000000d418b00000,0x000000d418c00000) (1024K)]
  0x000001e2dfd73460 ConcurrentGCThread "G1 Main Marker"            [id=12876, stack(0x000000d416700000,0x000000d416800000) (1024K)]
  0x000001e2dfd74610 WorkerThread "G1 Conc#0"                       [id=23448, stack(0x000000d416800000,0x000000d416900000) (1024K)]
  0x000001e2c628eed0 WorkerThread "G1 Conc#1"                       [id=2212, stack(0x000000d418c00000,0x000000d418d00000) (1024K)]
  0x000001e2dfddeaf0 ConcurrentGCThread "G1 Refine#0"               [id=6116, stack(0x000000d416900000,0x000000d416a00000) (1024K)]
  0x000001e2fe547730 ConcurrentGCThread "G1 Service"                [id=18604, stack(0x000000d416a00000,0x000000d416b00000) (1024K)]
Total: 15

Threads with active compile tasks:
C2 CompilerThread0    17270 6826       4       org.gradle.internal.instantiation.generator.AbstractClassGenerator$InjectionAnnotationValidator::validateMethod (166 bytes)
Total: 1

VM state: at safepoint (normal execution)

VM Mutex/Monitor currently owned by a thread:  ([mutex/lock_event])
[0x00007ffa4ae1a7e8] FreeList_lock - owner thread: 0x000001e2dfd60fb0
[0x00007ffa4ae1cd68] Threads_lock - owner thread: 0x000001e2fe699940
[0x00007ffa4ae1ce68] Heap_lock - owner thread: 0x000001e2c5d922c0

Heap address: 0x0000000080000000, size: 2048 MB, Compressed Oops mode: 32-bit

CDS archive(s) mapped at: [0x000001e280000000-0x000001e280c90000-0x000001e280c90000), size 13172736, SharedBaseAddress: 0x000001e280000000, ArchiveRelocationMode: 1.
Compressed class space mapped at: 0x000001e281000000-0x000001e2c1000000, reserved size: 1073741824
Narrow klass base: 0x000001e280000000, Narrow klass shift: 0, Narrow klass range: 0x100000000

GC Precious Log:
 CardTable entry size: 512
 Card Set container configuration: InlinePtr #cards 5 size 8 Array Of Cards #cards 12 size 40 Howl #buckets 4 coarsen threshold 1843 Howl Bitmap #cards 512 size 80 coarsen threshold 460 Card regions per heap region 1 cards per card region 2048
 CPUs: 8 total, 8 available
 Memory: 8097M
 Large Page Support: Disabled
 NUMA Support: Disabled
 Compressed Oops: Enabled (32-bit)
 Heap Region Size: 1M
 Heap Min Capacity: 8M
 Heap Initial Capacity: 128M
 Heap Max Capacity: 2G
 Pre-touch: Disabled
 Parallel Workers: 8
 Concurrent Workers: 2
 Concurrent Refinement Workers: 8
 Periodic GC: Disabled

Heap:
 garbage-first heap   total 110592K, used 100092K [0x0000000080000000, 0x0000000100000000)
  region size 1024K, 36 young (36864K), 5 survivors (5120K)
 Metaspace       used 51824K, committed 53632K, reserved 1114112K
  class space    used 7354K, committed 8256K, reserved 1048576K

Heap Regions: E=young(eden), S=young(survivor), O=old, HS=humongous(starts), HC=humongous(continues), CS=collection set, F=free, TAMS=top-at-mark-start, PB=parsable bottom
|   0|0x0000000080000000, 0x0000000080100000, 0x0000000080100000|100%|HS|  |TAMS 0x0000000080000000| PB 0x0000000080000000| Complete 
|   1|0x0000000080100000, 0x0000000080200000, 0x0000000080200000|100%|HC|  |TAMS 0x0000000080100000| PB 0x0000000080100000| Complete 
|   2|0x0000000080200000, 0x0000000080300000, 0x0000000080300000|100%|HC|  |TAMS 0x0000000080200000| PB 0x0000000080200000| Complete 
|   3|0x0000000080300000, 0x0000000080400000, 0x0000000080400000|100%|HC|  |TAMS 0x0000000080300000| PB 0x0000000080300000| Complete 
|   4|0x0000000080400000, 0x0000000080500000, 0x0000000080500000|100%| O|  |TAMS 0x0000000080400000| PB 0x0000000080400000| Untracked 
|   5|0x0000000080500000, 0x0000000080600000, 0x0000000080600000|100%| O|  |TAMS 0x0000000080500000| PB 0x0000000080500000| Untracked 
|   6|0x0000000080600000, 0x0000000080700000, 0x0000000080700000|100%| O|  |TAMS 0x0000000080600000| PB 0x0000000080600000| Untracked 
|   7|0x0000000080700000, 0x0000000080800000, 0x0000000080800000|100%| O|  |TAMS 0x0000000080700000| PB 0x0000000080700000| Untracked 
|   8|0x0000000080800000, 0x0000000080900000, 0x0000000080900000|100%| O|  |TAMS 0x0000000080800000| PB 0x0000000080800000| Untracked 
|   9|0x0000000080900000, 0x0000000080a00000, 0x0000000080a00000|100%| O|  |TAMS 0x0000000080900000| PB 0x0000000080900000| Untracked 
|  10|0x0000000080a00000, 0x0000000080b00000, 0x0000000080b00000|100%| O|  |TAMS 0x0000000080a00000| PB 0x0000000080a00000| Untracked 
|  11|0x0000000080b00000, 0x0000000080c00000, 0x0000000080c00000|100%| O|  |TAMS 0x0000000080b00000| PB 0x0000000080b00000| Untracked 
|  12|0x0000000080c00000, 0x0000000080d00000, 0x0000000080d00000|100%| O|  |TAMS 0x0000000080c00000| PB 0x0000000080c00000| Untracked 
|  13|0x0000000080d00000, 0x0000000080e00000, 0x0000000080e00000|100%| O|  |TAMS 0x0000000080d00000| PB 0x0000000080d00000| Untracked 
|  14|0x0000000080e00000, 0x0000000080f00000, 0x0000000080f00000|100%| O|  |TAMS 0x0000000080e00000| PB 0x0000000080e00000| Untracked 
|  15|0x0000000080f00000, 0x0000000081000000, 0x0000000081000000|100%| O|  |TAMS 0x0000000080f00000| PB 0x0000000080f00000| Untracked 
|  16|0x0000000081000000, 0x0000000081100000, 0x0000000081100000|100%| O|  |TAMS 0x0000000081000000| PB 0x0000000081000000| Untracked 
|  17|0x0000000081100000, 0x0000000081200000, 0x0000000081200000|100%| O|  |TAMS 0x0000000081100000| PB 0x0000000081100000| Untracked 
|  18|0x0000000081200000, 0x0000000081300000, 0x0000000081300000|100%| O|  |TAMS 0x0000000081200000| PB 0x0000000081200000| Untracked 
|  19|0x0000000081300000, 0x0000000081400000, 0x0000000081400000|100%| O|  |TAMS 0x0000000081300000| PB 0x0000000081300000| Untracked 
|  20|0x0000000081400000, 0x0000000081500000, 0x0000000081500000|100%| O|  |TAMS 0x0000000081400000| PB 0x0000000081400000| Untracked 
|  21|0x0000000081500000, 0x0000000081600000, 0x0000000081600000|100%|HS|  |TAMS 0x0000000081500000| PB 0x0000000081500000| Complete 
|  22|0x0000000081600000, 0x0000000081700000, 0x0000000081700000|100%|HC|  |TAMS 0x0000000081600000| PB 0x0000000081600000| Complete 
|  23|0x0000000081700000, 0x0000000081800000, 0x0000000081800000|100%|HS|  |TAMS 0x0000000081700000| PB 0x0000000081700000| Complete 
|  24|0x0000000081800000, 0x0000000081900000, 0x0000000081900000|100%|HC|  |TAMS 0x0000000081800000| PB 0x0000000081800000| Complete 
|  25|0x0000000081900000, 0x0000000081a00000, 0x0000000081a00000|100%|HC|  |TAMS 0x0000000081900000| PB 0x0000000081900000| Complete 
|  26|0x0000000081a00000, 0x0000000081b00000, 0x0000000081b00000|100%|HS|  |TAMS 0x0000000081a00000| PB 0x0000000081a00000| Complete 
|  27|0x0000000081b00000, 0x0000000081c00000, 0x0000000081c00000|100%|HC|  |TAMS 0x0000000081b00000| PB 0x0000000081b00000| Complete 
|  28|0x0000000081c00000, 0x0000000081d00000, 0x0000000081d00000|100%|HC|  |TAMS 0x0000000081c00000| PB 0x0000000081c00000| Complete 
|  29|0x0000000081d00000, 0x0000000081e00000, 0x0000000081e00000|100%|HS|  |TAMS 0x0000000081d00000| PB 0x0000000081d00000| Complete 
|  30|0x0000000081e00000, 0x0000000081f00000, 0x0000000081f00000|100%|HC|  |TAMS 0x0000000081e00000| PB 0x0000000081e00000| Complete 
|  31|0x0000000081f00000, 0x0000000082000000, 0x0000000082000000|100%|HC|  |TAMS 0x0000000081f00000| PB 0x0000000081f00000| Complete 
|  32|0x0000000082000000, 0x0000000082100000, 0x0000000082100000|100%| O|  |TAMS 0x0000000082000000| PB 0x0000000082000000| Untracked 
|  33|0x0000000082100000, 0x0000000082200000, 0x0000000082200000|100%| O|  |TAMS 0x0000000082100000| PB 0x0000000082100000| Untracked 
|  34|0x0000000082200000, 0x0000000082300000, 0x0000000082300000|100%| O|  |TAMS 0x0000000082200000| PB 0x0000000082200000| Untracked 
|  35|0x0000000082300000, 0x0000000082400000, 0x0000000082400000|100%| O|  |TAMS 0x0000000082300000| PB 0x0000000082300000| Untracked 
|  36|0x0000000082400000, 0x0000000082500000, 0x0000000082500000|100%| O|  |TAMS 0x0000000082400000| PB 0x0000000082400000| Untracked 
|  37|0x0000000082500000, 0x0000000082600000, 0x0000000082600000|100%| O|  |TAMS 0x0000000082500000| PB 0x0000000082500000| Untracked 
|  38|0x0000000082600000, 0x0000000082700000, 0x0000000082700000|100%| O|  |TAMS 0x0000000082600000| PB 0x0000000082600000| Untracked 
|  39|0x0000000082700000, 0x0000000082800000, 0x0000000082800000|100%| O|  |TAMS 0x0000000082700000| PB 0x0000000082700000| Untracked 
|  40|0x0000000082800000, 0x0000000082900000, 0x0000000082900000|100%| O|CS|TAMS 0x0000000082800000| PB 0x0000000082800000| Complete 
|  41|0x0000000082900000, 0x0000000082a00000, 0x0000000082a00000|100%| O|  |TAMS 0x0000000082900000| PB 0x0000000082900000| Untracked 
|  42|0x0000000082a00000, 0x0000000082b00000, 0x0000000082b00000|100%| O|  |TAMS 0x0000000082a00000| PB 0x0000000082a00000| Untracked 
|  43|0x0000000082b00000, 0x0000000082c00000, 0x0000000082c00000|100%| O|  |TAMS 0x0000000082b00000| PB 0x0000000082b00000| Untracked 
|  44|0x0000000082c00000, 0x0000000082d00000, 0x0000000082d00000|100%| O|  |TAMS 0x0000000082c00000| PB 0x0000000082c00000| Untracked 
|  45|0x0000000082d00000, 0x0000000082e00000, 0x0000000082e00000|100%|HS|  |TAMS 0x0000000082d00000| PB 0x0000000082d00000| Complete 
|  46|0x0000000082e00000, 0x0000000082f00000, 0x0000000082f00000|100%|HC|  |TAMS 0x0000000082e00000| PB 0x0000000082e00000| Complete 
|  47|0x0000000082f00000, 0x0000000083000000, 0x0000000083000000|100%|HC|  |TAMS 0x0000000082f00000| PB 0x0000000082f00000| Complete 
|  48|0x0000000083000000, 0x0000000083100000, 0x0000000083100000|100%| O|  |TAMS 0x0000000083000000| PB 0x0000000083000000| Untracked 
|  49|0x0000000083100000, 0x0000000083200000, 0x0000000083200000|100%| O|  |TAMS 0x0000000083100000| PB 0x0000000083100000| Untracked 
|  50|0x0000000083200000, 0x0000000083300000, 0x0000000083300000|100%| O|  |TAMS 0x0000000083200000| PB 0x0000000083200000| Untracked 
|  51|0x0000000083300000, 0x0000000083400000, 0x0000000083400000|100%| O|  |TAMS 0x0000000083300000| PB 0x0000000083300000| Untracked 
|  52|0x0000000083400000, 0x0000000083500000, 0x0000000083500000|100%| O|  |TAMS 0x0000000083400000| PB 0x0000000083400000| Untracked 
|  53|0x0000000083500000, 0x0000000083600000, 0x0000000083600000|100%| O|  |TAMS 0x0000000083500000| PB 0x0000000083500000| Untracked 
|  54|0x0000000083600000, 0x0000000083700000, 0x0000000083700000|100%| O|  |TAMS 0x0000000083600000| PB 0x0000000083600000| Untracked 
|  55|0x0000000083700000, 0x0000000083800000, 0x0000000083800000|100%| O|  |TAMS 0x0000000083700000| PB 0x0000000083700000| Untracked 
|  56|0x0000000083800000, 0x0000000083900000, 0x0000000083900000|100%|HS|  |TAMS 0x0000000083800000| PB 0x0000000083800000| Complete 
|  57|0x0000000083900000, 0x0000000083a00000, 0x0000000083a00000|100%|HS|  |TAMS 0x0000000083900000| PB 0x0000000083900000| Complete 
|  58|0x0000000083a00000, 0x0000000083b00000, 0x0000000083b00000|100%|HS|  |TAMS 0x0000000083a00000| PB 0x0000000083a00000| Complete 
|  59|0x0000000083b00000, 0x0000000083c00000, 0x0000000083c00000|100%|HS|  |TAMS 0x0000000083b00000| PB 0x0000000083b00000| Complete 
|  60|0x0000000083c00000, 0x0000000083d00000, 0x0000000083d00000|100%|HS|  |TAMS 0x0000000083c00000| PB 0x0000000083c00000| Complete 
|  61|0x0000000083d00000, 0x0000000083e00000, 0x0000000083e00000|100%|HS|  |TAMS 0x0000000083d00000| PB 0x0000000083d00000| Complete 
|  62|0x0000000083e00000, 0x0000000083f00000, 0x0000000083f00000|100%| O|  |TAMS 0x0000000083e00000| PB 0x0000000083e00000| Untracked 
|  63|0x0000000083f00000, 0x0000000084000000, 0x0000000084000000|100%| S|  |TAMS 0x0000000083f00000| PB 0x0000000083f00000| Complete 
|  64|0x0000000084000000, 0x0000000084100000, 0x0000000084100000|100%| S|  |TAMS 0x0000000084000000| PB 0x0000000084000000| Complete 
|  65|0x0000000084100000, 0x0000000084200000, 0x0000000084200000|100%| S|  |TAMS 0x0000000084100000| PB 0x0000000084100000| Complete 
|  66|0x0000000084200000, 0x0000000084300000, 0x0000000084300000|100%| E|CS|TAMS 0x0000000084200000| PB 0x0000000084200000| Complete 
|  67|0x0000000084300000, 0x0000000084400000, 0x0000000084400000|100%| E|CS|TAMS 0x0000000084300000| PB 0x0000000084300000| Complete 
|  68|0x0000000084400000, 0x0000000084500000, 0x0000000084500000|100%| E|CS|TAMS 0x0000000084400000| PB 0x0000000084400000| Complete 
|  69|0x0000000084500000, 0x0000000084600000, 0x0000000084600000|100%| E|CS|TAMS 0x0000000084500000| PB 0x0000000084500000| Complete 
|  70|0x0000000084600000, 0x0000000084700000, 0x0000000084700000|100%| E|CS|TAMS 0x0000000084600000| PB 0x0000000084600000| Complete 
|  71|0x0000000084700000, 0x0000000084800000, 0x0000000084800000|100%| E|CS|TAMS 0x0000000084700000| PB 0x0000000084700000| Complete 
|  72|0x0000000084800000, 0x0000000084900000, 0x0000000084900000|100%| E|CS|TAMS 0x0000000084800000| PB 0x0000000084800000| Complete 
|  73|0x0000000084900000, 0x0000000084a00000, 0x0000000084a00000|100%| E|CS|TAMS 0x0000000084900000| PB 0x0000000084900000| Complete 
|  74|0x0000000084a00000, 0x0000000084b00000, 0x0000000084b00000|100%| E|CS|TAMS 0x0000000084a00000| PB 0x0000000084a00000| Complete 
|  75|0x0000000084b00000, 0x0000000084c00000, 0x0000000084c00000|100%| E|CS|TAMS 0x0000000084b00000| PB 0x0000000084b00000| Complete 
|  76|0x0000000084c00000, 0x0000000084d00000, 0x0000000084d00000|100%| E|CS|TAMS 0x0000000084c00000| PB 0x0000000084c00000| Complete 
|  77|0x0000000084d00000, 0x0000000084e00000, 0x0000000084e00000|100%| E|CS|TAMS 0x0000000084d00000| PB 0x0000000084d00000| Complete 
|  78|0x0000000084e00000, 0x0000000084f00000, 0x0000000084f00000|100%| E|CS|TAMS 0x0000000084e00000| PB 0x0000000084e00000| Complete 
|  79|0x0000000084f00000, 0x0000000085000000, 0x0000000085000000|100%| E|CS|TAMS 0x0000000084f00000| PB 0x0000000084f00000| Complete 
|  80|0x0000000085000000, 0x0000000085100000, 0x0000000085100000|100%| E|CS|TAMS 0x0000000085000000| PB 0x0000000085000000| Complete 
|  81|0x0000000085100000, 0x0000000085200000, 0x0000000085200000|100%| E|CS|TAMS 0x0000000085100000| PB 0x0000000085100000| Complete 
|  82|0x0000000085200000, 0x0000000085300000, 0x0000000085300000|100%| E|CS|TAMS 0x0000000085200000| PB 0x0000000085200000| Complete 
|  83|0x0000000085300000, 0x0000000085400000, 0x0000000085400000|100%| E|CS|TAMS 0x0000000085300000| PB 0x0000000085300000| Complete 
|  84|0x0000000085400000, 0x0000000085500000, 0x0000000085500000|100%| E|CS|TAMS 0x0000000085400000| PB 0x0000000085400000| Complete 
|  85|0x0000000085500000, 0x0000000085600000, 0x0000000085600000|100%| E|CS|TAMS 0x0000000085500000| PB 0x0000000085500000| Complete 
|  86|0x0000000085600000, 0x0000000085700000, 0x0000000085700000|100%| E|CS|TAMS 0x0000000085600000| PB 0x0000000085600000| Complete 
|  87|0x0000000085700000, 0x0000000085800000, 0x0000000085800000|100%| E|CS|TAMS 0x0000000085700000| PB 0x0000000085700000| Complete 
|  88|0x0000000085800000, 0x0000000085900000, 0x0000000085900000|100%| E|CS|TAMS 0x0000000085800000| PB 0x0000000085800000| Complete 
|  89|0x0000000085900000, 0x0000000085a00000, 0x0000000085a00000|100%| E|CS|TAMS 0x0000000085900000| PB 0x0000000085900000| Complete 
|  90|0x0000000085a00000, 0x0000000085b00000, 0x0000000085b00000|100%| E|CS|TAMS 0x0000000085a00000| PB 0x0000000085a00000| Complete 
|  91|0x0000000085b00000, 0x0000000085c00000, 0x0000000085c00000|100%| E|CS|TAMS 0x0000000085b00000| PB 0x0000000085b00000| Complete 
|  92|0x0000000085c00000, 0x0000000085d00000, 0x0000000085d00000|100%| E|CS|TAMS 0x0000000085c00000| PB 0x0000000085c00000| Complete 
|  93|0x0000000085d00000, 0x0000000085e00000, 0x0000000085e00000|100%| E|CS|TAMS 0x0000000085d00000| PB 0x0000000085d00000| Complete 
|  94|0x0000000085e00000, 0x0000000085f00000, 0x0000000085f00000|100%| E|CS|TAMS 0x0000000085e00000| PB 0x0000000085e00000| Complete 
|  95|0x0000000085f00000, 0x0000000086000000, 0x0000000086000000|100%| E|CS|TAMS 0x0000000085f00000| PB 0x0000000085f00000| Complete 
|  96|0x0000000086000000, 0x0000000086100000, 0x0000000086100000|100%| S|  |TAMS 0x0000000086000000| PB 0x0000000086000000| Complete 
|  97|0x0000000086100000, 0x0000000086200000, 0x0000000086200000|100%| S|  |TAMS 0x0000000086100000| PB 0x0000000086100000| Complete 
|  99|0x0000000086300000, 0x0000000086400000, 0x0000000086400000|100%| E|CS|TAMS 0x0000000086300000| PB 0x0000000086300000| Complete 
| 100|0x0000000086400000, 0x0000000086500000, 0x0000000086500000|100%| E|CS|TAMS 0x0000000086400000| PB 0x0000000086400000| Complete 
| 101|0x0000000086500000, 0x0000000086600000, 0x0000000086600000|100%| E|CS|TAMS 0x0000000086500000| PB 0x0000000086500000| Complete 
| 127|0x0000000087f00000, 0x0000000088000000, 0x0000000088000000|100%| E|CS|TAMS 0x0000000087f00000| PB 0x0000000087f00000| Complete 
|2042|0x00000000ffa00000, 0x00000000ffb00000, 0x00000000ffb00000|100%| O|  |TAMS 0x00000000ffa00000| PB 0x00000000ffa00000| Untracked 
|2043|0x00000000ffb00000, 0x00000000ffc00000, 0x00000000ffc00000|100%| O|  |TAMS 0x00000000ffb00000| PB 0x00000000ffb00000| Untracked 
|2044|0x00000000ffc00000, 0x00000000ffd00000, 0x00000000ffd00000|100%| O|  |TAMS 0x00000000ffc00000| PB 0x00000000ffc00000| Untracked 
|2045|0x00000000ffd00000, 0x00000000ffe00000, 0x00000000ffe00000|100%| O|  |TAMS 0x00000000ffd00000| PB 0x00000000ffd00000| Untracked 
|2046|0x00000000ffe00000, 0x00000000fff00000, 0x00000000fff00000|100%| E|CS|TAMS 0x00000000ffe00000| PB 0x00000000ffe00000| Complete 
|2047|0x00000000fff00000, 0x0000000100000000, 0x0000000100000000|100%| O|  |TAMS 0x00000000fff00000| PB 0x00000000fff00000| Untracked 

Card table byte_map: [0x000001e2f9810000,0x000001e2f9c10000] _byte_map_base: 0x000001e2f9410000

Marking Bits: (CMBitMap*) 0x000001e2dfd615c0
 Bits: [0x000001e2f9c10000, 0x000001e2fbc10000)

Polling page: 0x000001e2dfde0000

Metaspace:

Usage:
  Non-class:     43.43 MB used.
      Class:      7.18 MB used.
       Both:     50.61 MB used.

Virtual space:
  Non-class space:       64.00 MB reserved,      44.31 MB ( 69%) committed,  1 nodes.
      Class space:        1.00 GB reserved,       8.06 MB ( <1%) committed,  1 nodes.
             Both:        1.06 GB reserved,      52.38 MB (  5%) committed. 

Chunk freelists:
   Non-Class:  3.14 MB
       Class:  7.97 MB
        Both:  11.12 MB

MaxMetaspaceSize: unlimited
CompressedClassSpaceSize: 1.00 GB
Initial GC threshold: 21.00 MB
Current GC threshold: 82.81 MB
CDS: on
 - commit_granule_bytes: 65536.
 - commit_granule_words: 8192.
 - virtual_space_node_default_size: 8388608.
 - enlarge_chunks_in_place: 1.
 - use_allocation_guard: 0.


Internal statistics:

num_allocs_failed_limit: 6.
num_arena_births: 3104.
num_arena_deaths: 0.
num_vsnodes_births: 2.
num_vsnodes_deaths: 0.
num_space_committed: 838.
num_space_uncommitted: 0.
num_chunks_returned_to_freelist: 6.
num_chunks_taken_from_freelist: 5528.
num_chunk_merges: 3.
num_chunk_splits: 3598.
num_chunks_enlarged: 2178.
num_inconsistent_stats: 0.

CodeHeap 'non-profiled nmethods': size=120000Kb used=3161Kb max_used=3161Kb free=116838Kb
 bounds [0x000001e2f1470000, 0x000001e2f1790000, 0x000001e2f89a0000]
CodeHeap 'profiled nmethods': size=120000Kb used=11212Kb max_used=11212Kb free=108787Kb
 bounds [0x000001e2e99a0000, 0x000001e2ea4a0000, 0x000001e2f0ed0000]
CodeHeap 'non-nmethods': size=5760Kb used=2745Kb max_used=2789Kb free=3014Kb
 bounds [0x000001e2f0ed0000, 0x000001e2f11a0000, 0x000001e2f1470000]
 total_blobs=6824 nmethods=5952 adapters=776
 compilation: enabled
              stopped_count=0, restarted_count=0
 full_count=0

Compilation events (20 events):
Event: 17.189 Thread 0x000001e2fe6d6780 6823       3       java.util.TreeMap::addEntryToEmptyMap (37 bytes)
Event: 17.189 Thread 0x000001e2fe6d6780 nmethod 6823 0x000001e2ea48eb10 code [0x000001e2ea48ed00, 0x000001e2ea48f3e8]
Event: 17.189 Thread 0x000001e2fe6d6780 6825       3       com.google.common.collect.RegularImmutableMap::fromEntries (8 bytes)
Event: 17.190 Thread 0x000001e2fe6d6780 nmethod 6825 0x000001e2ea48f610 code [0x000001e2ea48f800, 0x000001e2ea48fb38]
Event: 17.191 Thread 0x000001e2fe6d6780 6828       3       org.objectweb.asm.Type::getSize (86 bytes)
Event: 17.192 Thread 0x000001e2fe6d6780 nmethod 6828 0x000001e2ea48fd10 code [0x000001e2ea48fee0, 0x000001e2ea4902a8]
Event: 17.196 Thread 0x000001e2fe6d6780 6829       3       java.util.TreeMap::rotateRight (96 bytes)
Event: 17.196 Thread 0x000001e2fe6d6780 nmethod 6829 0x000001e2ea490390 code [0x000001e2ea490560, 0x000001e2ea490a70]
Event: 17.200 Thread 0x000001e2fe6d6780 6833       3       org.objectweb.asm.SymbolTable::addConstantIntegerOrFloat (100 bytes)
Event: 17.200 Thread 0x000001e2fe6d6780 nmethod 6833 0x000001e2ea490b90 code [0x000001e2ea490da0, 0x000001e2ea4912f0]
Event: 17.200 Thread 0x000001e2fe6d6780 6834       3       org.gradle.model.internal.asm.MethodVisitorScope::_GOTO (9 bytes)
Event: 17.200 Thread 0x000001e2fe6d6780 nmethod 6834 0x000001e2ea491590 code [0x000001e2ea491740, 0x000001e2ea4919b8]
Event: 17.202 Thread 0x000001e2fe6d20b0 nmethod 6822 0x000001e2f1784090 code [0x000001e2f1784320, 0x000001e2f1785278]
Event: 17.202 Thread 0x000001e2fe6d20b0 6824       4       org.gradle.internal.reflect.MethodSet$MethodKey::equals (89 bytes)
Event: 17.204 Thread 0x000001e2fe6d6780 6835       3       org.objectweb.asm.SymbolTable::addConstantMethodHandle (197 bytes)
Event: 17.205 Thread 0x000001e2fe6d6780 nmethod 6835 0x000001e2ea491a90 code [0x000001e2ea491d20, 0x000001e2ea4926a0]
Event: 17.205 Thread 0x000001e2fe6d6780 6836       3       org.gradle.model.internal.asm.MethodVisitorScope::_RETURN (8 bytes)
Event: 17.205 Thread 0x000001e2fe6d6780 nmethod 6836 0x000001e2ea492c90 code [0x000001e2ea492e40, 0x000001e2ea4930b8]
Event: 17.206 Thread 0x000001e2fe6d20b0 nmethod 6824 0x000001e2f1785c90 code [0x000001e2f1785e60, 0x000001e2f17861c8]
Event: 17.206 Thread 0x000001e2fe6d20b0 6826       4       org.gradle.internal.instantiation.generator.AbstractClassGenerator$InjectionAnnotationValidator::validateMethod (166 bytes)

GC Heap History (20 events):
Event: 9.395 GC heap after
{Heap after GC invocations=6 (full 0):
 garbage-first heap   total 93184K, used 41463K [0x0000000080000000, 0x0000000100000000)
  region size 1024K, 7 young (7168K), 7 survivors (7168K)
 Metaspace       used 26135K, committed 27264K, reserved 1114112K
  class space    used 3937K, committed 4480K, reserved 1048576K
}
Event: 10.227 GC heap before
{Heap before GC invocations=6 (full 0):
 garbage-first heap   total 93184K, used 77303K [0x0000000080000000, 0x0000000100000000)
  region size 1024K, 43 young (44032K), 7 survivors (7168K)
 Metaspace       used 32359K, committed 33600K, reserved 1114112K
  class space    used 4739K, committed 5376K, reserved 1048576K
}
Event: 10.232 GC heap after
{Heap after GC invocations=7 (full 0):
 garbage-first heap   total 93184K, used 44147K [0x0000000080000000, 0x0000000100000000)
  region size 1024K, 3 young (3072K), 3 survivors (3072K)
 Metaspace       used 32359K, committed 33600K, reserved 1114112K
  class space    used 4739K, committed 5376K, reserved 1048576K
}
Event: 10.409 GC heap before
{Heap before GC invocations=7 (full 0):
 garbage-first heap   total 93184K, used 52339K [0x0000000080000000, 0x0000000100000000)
  region size 1024K, 13 young (13312K), 3 survivors (3072K)
 Metaspace       used 34765K, committed 35968K, reserved 1114112K
  class space    used 5005K, committed 5632K, reserved 1048576K
}
Event: 10.412 GC heap after
{Heap after GC invocations=8 (full 0):
 garbage-first heap   total 93184K, used 46345K [0x0000000080000000, 0x0000000100000000)
  region size 1024K, 3 young (3072K), 3 survivors (3072K)
 Metaspace       used 34765K, committed 35968K, reserved 1114112K
  class space    used 5005K, committed 5632K, reserved 1048576K
}
Event: 10.698 GC heap before
{Heap before GC invocations=9 (full 0):
 garbage-first heap   total 93184K, used 83209K [0x0000000080000000, 0x0000000100000000)
  region size 1024K, 34 young (34816K), 3 survivors (3072K)
 Metaspace       used 36811K, committed 38080K, reserved 1114112K
  class space    used 5150K, committed 5760K, reserved 1048576K
}
Event: 10.700 GC heap after
{Heap after GC invocations=10 (full 0):
 garbage-first heap   total 93184K, used 48600K [0x0000000080000000, 0x0000000100000000)
  region size 1024K, 5 young (5120K), 5 survivors (5120K)
 Metaspace       used 36811K, committed 38080K, reserved 1114112K
  class space    used 5150K, committed 5760K, reserved 1048576K
}
Event: 11.324 GC heap before
{Heap before GC invocations=10 (full 0):
 garbage-first heap   total 93184K, used 79320K [0x0000000080000000, 0x0000000100000000)
  region size 1024K, 36 young (36864K), 5 survivors (5120K)
 Metaspace       used 40339K, committed 41792K, reserved 1114112K
  class space    used 5706K, committed 6464K, reserved 1048576K
}
Event: 11.328 GC heap after
{Heap after GC invocations=11 (full 0):
 garbage-first heap   total 93184K, used 49730K [0x0000000080000000, 0x0000000100000000)
  region size 1024K, 3 young (3072K), 3 survivors (3072K)
 Metaspace       used 40339K, committed 41792K, reserved 1114112K
  class space    used 5706K, committed 6464K, reserved 1048576K
}
Event: 11.928 GC heap before
{Heap before GC invocations=11 (full 0):
 garbage-first heap   total 93184K, used 58946K [0x0000000080000000, 0x0000000100000000)
  region size 1024K, 13 young (13312K), 3 survivors (3072K)
 Metaspace       used 40785K, committed 42304K, reserved 1114112K
  class space    used 5770K, committed 6528K, reserved 1048576K
}
Event: 11.932 GC heap after
{Heap after GC invocations=12 (full 0):
 garbage-first heap   total 93184K, used 51555K [0x0000000080000000, 0x0000000100000000)
  region size 1024K, 5 young (5120K), 5 survivors (5120K)
 Metaspace       used 40785K, committed 42304K, reserved 1114112K
  class space    used 5770K, committed 6528K, reserved 1048576K
}
Event: 12.642 GC heap before
{Heap before GC invocations=13 (full 0):
 garbage-first heap   total 94208K, used 85347K [0x0000000080000000, 0x0000000100000000)
  region size 1024K, 34 young (34816K), 5 survivors (5120K)
 Metaspace       used 43360K, committed 44928K, reserved 1114112K
  class space    used 6022K, committed 6784K, reserved 1048576K
}
Event: 12.646 GC heap after
{Heap after GC invocations=14 (full 0):
 garbage-first heap   total 94208K, used 56779K [0x0000000080000000, 0x0000000100000000)
  region size 1024K, 4 young (4096K), 4 survivors (4096K)
 Metaspace       used 43360K, committed 44928K, reserved 1114112K
  class space    used 6022K, committed 6784K, reserved 1048576K
}
Event: 13.739 GC heap before
{Heap before GC invocations=14 (full 0):
 garbage-first heap   total 94208K, used 82379K [0x0000000080000000, 0x0000000100000000)
  region size 1024K, 30 young (30720K), 4 survivors (4096K)
 Metaspace       used 46119K, committed 47808K, reserved 1114112K
  class space    used 6526K, committed 7360K, reserved 1048576K
}
Event: 13.744 GC heap after
{Heap after GC invocations=15 (full 0):
 garbage-first heap   total 94208K, used 58045K [0x0000000080000000, 0x0000000100000000)
  region size 1024K, 4 young (4096K), 4 survivors (4096K)
 Metaspace       used 46119K, committed 47808K, reserved 1114112K
  class space    used 6526K, committed 7360K, reserved 1048576K
}
Event: 14.616 GC heap before
{Heap before GC invocations=15 (full 0):
 garbage-first heap   total 94208K, used 83645K [0x0000000080000000, 0x0000000100000000)
  region size 1024K, 29 young (29696K), 4 survivors (4096K)
 Metaspace       used 48903K, committed 50688K, reserved 1114112K
  class space    used 6982K, committed 7872K, reserved 1048576K
}
Event: 14.621 GC heap after
{Heap after GC invocations=16 (full 0):
 garbage-first heap   total 94208K, used 59971K [0x0000000080000000, 0x0000000100000000)
  region size 1024K, 4 young (4096K), 4 survivors (4096K)
 Metaspace       used 48903K, committed 50688K, reserved 1114112K
  class space    used 6982K, committed 7872K, reserved 1048576K
}
Event: 15.882 GC heap before
{Heap before GC invocations=17 (full 0):
 garbage-first heap   total 104448K, used 82499K [0x0000000080000000, 0x0000000100000000)
  region size 1024K, 27 young (27648K), 4 survivors (4096K)
 Metaspace       used 50092K, committed 51904K, reserved 1114112K
  class space    used 7121K, committed 8000K, reserved 1048576K
}
Event: 15.887 GC heap after
{Heap after GC invocations=18 (full 0):
 garbage-first heap   total 104448K, used 62204K [0x0000000080000000, 0x0000000100000000)
  region size 1024K, 4 young (4096K), 4 survivors (4096K)
 Metaspace       used 50092K, committed 51904K, reserved 1114112K
  class space    used 7121K, committed 8000K, reserved 1048576K
}
Event: 17.208 GC heap before
{Heap before GC invocations=18 (full 0):
 garbage-first heap   total 104448K, used 99068K [0x0000000080000000, 0x0000000100000000)
  region size 1024K, 35 young (35840K), 4 survivors (4096K)
 Metaspace       used 51824K, committed 53632K, reserved 1114112K
  class space    used 7354K, committed 8256K, reserved 1048576K
}

Dll operation events (15 events):
Event: 0.007 Loaded shared library C:\Program Files\Java\jdk-21\bin\java.dll
Event: 0.033 Loaded shared library C:\Program Files\Java\jdk-21\bin\jsvml.dll
Event: 0.071 Loaded shared library C:\Program Files\Java\jdk-21\bin\zip.dll
Event: 0.074 Loaded shared library C:\Program Files\Java\jdk-21\bin\instrument.dll
Event: 0.078 Loaded shared library C:\Program Files\Java\jdk-21\bin\net.dll
Event: 0.079 Loaded shared library C:\Program Files\Java\jdk-21\bin\nio.dll
Event: 0.082 Loaded shared library C:\Program Files\Java\jdk-21\bin\zip.dll
Event: 0.286 Loaded shared library C:\Program Files\Java\jdk-21\bin\jimage.dll
Event: 0.362 Loaded shared library C:\Program Files\Java\jdk-21\bin\verify.dll
Event: 0.552 Loaded shared library C:\Users\User\.gradle\native\68d5fa5c4cc2d200863cafc0d521ce42e7d3e7ee720ec0a83991735586a16f82\windows-amd64\native-platform.dll
Event: 0.569 Loaded shared library C:\Users\User\.gradle\native\e376f236ea51e6404a007f0833ffe2c6e607c4080706a723a18a27aeea778392\windows-amd64\native-platform-file-events.dll
Event: 1.664 Loaded shared library C:\Program Files\Java\jdk-21\bin\management.dll
Event: 1.670 Loaded shared library C:\Program Files\Java\jdk-21\bin\management_ext.dll
Event: 1.937 Loaded shared library C:\Program Files\Java\jdk-21\bin\extnet.dll
Event: 2.066 Loaded shared library C:\Program Files\Java\jdk-21\bin\sunmscapi.dll

Deoptimization events (20 events):
Event: 15.944 Thread 0x000001e2c5d922c0 Uncommon trap: trap_request=0xffffffc6 fr.pc=0x000001e2f17250c8 relative=0x0000000000008348
Event: 15.944 Thread 0x000001e2c5d922c0 Uncommon trap: reason=bimorphic_or_optimized_type_check action=maybe_recompile pc=0x000001e2f17250c8 method=jdk.internal.loader.Resource.getBytes()[B @ 117 c2
Event: 15.944 Thread 0x000001e2c5d922c0 DEOPT PACKING pc=0x000001e2f17250c8 sp=0x000000d4183f9210
Event: 15.944 Thread 0x000001e2c5d922c0 DEOPT UNPACKING pc=0x000001e2f0f246a2 sp=0x000000d4183f8f80 mode 2
Event: 15.950 Thread 0x000001e2c5d922c0 Uncommon trap: trap_request=0xfffffff4 fr.pc=0x000001e2f15ffecc relative=0x000000000000052c
Event: 15.950 Thread 0x000001e2c5d922c0 Uncommon trap: reason=null_check action=make_not_entrant pc=0x000001e2f15ffecc method=org.gradle.util.internal.SimpleMapInterner.intern(Ljava/lang/Object;)Ljava/lang/Object; @ 2 c2
Event: 15.950 Thread 0x000001e2c5d922c0 DEOPT PACKING pc=0x000001e2f15ffecc sp=0x000000d4183f8cf0
Event: 15.950 Thread 0x000001e2c5d922c0 DEOPT UNPACKING pc=0x000001e2f0f246a2 sp=0x000000d4183f8ca8 mode 2
Event: 15.950 Thread 0x000001e2c5d922c0 Uncommon trap: trap_request=0xffffffc6 fr.pc=0x000001e2f15f53dc relative=0x00000000000002fc
Event: 15.950 Thread 0x000001e2c5d922c0 Uncommon trap: reason=bimorphic_or_optimized_type_check action=maybe_recompile pc=0x000001e2f15f53dc method=com.google.common.base.CharMatcher.indexIn(Ljava/lang/CharSequence;I)I @ 31 c2
Event: 15.950 Thread 0x000001e2c5d922c0 DEOPT PACKING pc=0x000001e2f15f53dc sp=0x000000d4183f91e0
Event: 15.950 Thread 0x000001e2c5d922c0 DEOPT UNPACKING pc=0x000001e2f0f246a2 sp=0x000000d4183f9188 mode 2
Event: 16.033 Thread 0x000001e2c5d922c0 DEOPT PACKING pc=0x000001e2ea17bbf9 sp=0x000000d4183f7550
Event: 16.033 Thread 0x000001e2c5d922c0 DEOPT UNPACKING pc=0x000001e2f0f24e42 sp=0x000000d4183f6a40 mode 0
Event: 16.576 Thread 0x000001e2c5d922c0 DEOPT PACKING pc=0x000001e2e9eaf9f6 sp=0x000000d4183f75c0
Event: 16.576 Thread 0x000001e2c5d922c0 DEOPT UNPACKING pc=0x000001e2f0f24e42 sp=0x000000d4183f6aa8 mode 0
Event: 17.205 Thread 0x000001e2c5d922c0 Uncommon trap: trap_request=0xffffff45 fr.pc=0x000001e2f14c3ea8 relative=0x0000000000000b48
Event: 17.205 Thread 0x000001e2c5d922c0 Uncommon trap: reason=unstable_if action=reinterpret pc=0x000001e2f14c3ea8 method=org.objectweb.asm.Frame.execute(IILorg/objectweb/asm/Symbol;Lorg/objectweb/asm/SymbolTable;)V @ 1 c2
Event: 17.205 Thread 0x000001e2c5d922c0 DEOPT PACKING pc=0x000001e2f14c3ea8 sp=0x000000d4183f60c0
Event: 17.205 Thread 0x000001e2c5d922c0 DEOPT UNPACKING pc=0x000001e2f0f246a2 sp=0x000000d4183f6048 mode 2

Classes loaded (20 events):
Event: 14.002 Loading class java/lang/StringIndexOutOfBoundsException
Event: 14.004 Loading class java/lang/StringIndexOutOfBoundsException done
Event: 14.083 Loading class javax/net/ssl/HostnameVerifier
Event: 14.084 Loading class javax/net/ssl/HostnameVerifier done
Event: 14.086 Loading class javax/net/ssl/TrustManager
Event: 14.086 Loading class javax/net/ssl/TrustManager done
Event: 14.087 Loading class javax/net/ssl/X509TrustManager
Event: 14.087 Loading class javax/net/ssl/X509TrustManager done
Event: 14.089 Loading class javax/net/ssl/SSLException
Event: 14.090 Loading class javax/net/ssl/SSLException done
Event: 14.090 Loading class java/security/cert/CertificateParsingException
Event: 14.090 Loading class java/security/cert/CertificateException
Event: 14.091 Loading class java/security/cert/CertificateException done
Event: 14.091 Loading class java/security/cert/CertificateParsingException done
Event: 14.091 Loading class javax/net/ssl/SSLPeerUnverifiedException
Event: 14.093 Loading class javax/net/ssl/SSLPeerUnverifiedException done
Event: 14.093 Loading class javax/naming/NamingException
Event: 14.094 Loading class javax/naming/NamingException done
Event: 14.094 Loading class javax/naming/InvalidNameException
Event: 14.094 Loading class javax/naming/InvalidNameException done

Classes unloaded (0 events):
No events

Classes redefined (0 events):
No events

Internal exceptions (20 events):
Event: 13.592 Thread 0x000001e2c5d922c0 Exception <a 'java/lang/ClassNotFoundException'{0x000000008477dcd8}: org/jetbrains/plugins/gradle/model/DependencyAccessorsModelBeanInfo> (0x000000008477dcd8) 
thrown [s\open\src\hotspot\share\classfile\systemDictionary.cpp, line 312]
Event: 13.593 Thread 0x000001e2c5d922c0 Exception <a 'java/lang/ClassNotFoundException'{0x00000000847859a8}: org/jetbrains/plugins/gradle/model/DependencyAccessorsModelCustomizer> (0x00000000847859a8) 
thrown [s\open\src\hotspot\share\classfile\systemDictionary.cpp, line 312]
Event: 13.790 Thread 0x000001e2c5d922c0 Exception <a 'java/lang/ClassNotFoundException'{0x0000000087fe2f40}: org/gradle/api/internal/project/DefaultProject_DecoratedBeanInfo> (0x0000000087fe2f40) 
thrown [s\open\src\hotspot\share\classfile\systemDictionary.cpp, line 312]
Event: 13.791 Thread 0x000001e2c5d922c0 Exception <a 'java/lang/ClassNotFoundException'{0x0000000087fee850}: org/gradle/api/internal/project/DefaultProjectBeanInfo> (0x0000000087fee850) 
thrown [s\open\src\hotspot\share\classfile\systemDictionary.cpp, line 312]
Event: 13.792 Thread 0x000001e2c5d922c0 Exception <a 'java/lang/ClassNotFoundException'{0x0000000087ffa428}: org/gradle/api/internal/project/DefaultProjectCustomizer> (0x0000000087ffa428) 
thrown [s\open\src\hotspot\share\classfile\systemDictionary.cpp, line 312]
Event: 13.802 Thread 0x000001e2c5d922c0 Exception <a 'java/lang/ClassNotFoundException'{0x00000000865ad2e0}: org/gradle/api/internal/project/DefaultProject_DecoratedCustomizer> (0x00000000865ad2e0) 
thrown [s\open\src\hotspot\share\classfile\systemDictionary.cpp, line 312]
Event: 13.978 Thread 0x000001e2c5d922c0 Exception <a 'java/lang/NoSuchMethodError'{0x00000000850a3680}: 'long java.lang.invoke.DirectMethodHandle$Holder.invokeStatic(java.lang.Object, long)'> (0x00000000850a3680) 
thrown [s\open\src\hotspot\share\interpreter\linkResolver.cpp, line 773]
Event: 14.153 Thread 0x000001e2c5d922c0 Exception <a 'java/lang/NoSuchMethodError'{0x000000008492fcc8}: 'java.lang.Object java.lang.invoke.DelegatingMethodHandle$Holder.reinvoke_L(java.lang.Object, java.lang.Object, java.lang.Object, java.lang.Object, java.lang.Object, java.lang.Object, java.lang.Object, java.lang.Object, java.lang.Object, java.lang.Object, java.lang.Object, java.lang.Object, java.lang.Object, java.lang.Object, java.lang.Object, java.lang.Object, java.lang.Object, java.lang.Object, java.lang.Object, java.lang.Object, java.lang.O
Event: 14.154 Thread 0x000001e2c5d922c0 Exception <a 'java/lang/NoSuchMethodError'{0x000000008493a748}: 'java.lang.Object java.lang.invoke.Invokers$Holder.invoker(java.lang.Object, java.lang.Object, java.lang.Object, java.lang.Object, java.lang.Object, java.lang.Object, java.lang.Object, java.lang.Object, java.lang.Object, java.lang.Object, java.lang.Object, java.lang.Object, java.lang.Object, java.lang.Object, java.lang.Object, java.lang.Object, java.lang.Object, java.lang.Object, java.lang.Object, java.lang.Object, java.lang.Object)'> (0x00000
Event: 14.154 Thread 0x000001e2c5d922c0 Exception <a 'java/lang/NoSuchMethodError'{0x0000000084940a00}: 'java.lang.Object java.lang.invoke.DelegatingMethodHandle$Holder.delegate(java.lang.Object, java.lang.Object, java.lang.Object, java.lang.Object, java.lang.Object, java.lang.Object, java.lang.Object, java.lang.Object, java.lang.Object, java.lang.Object, java.lang.Object, java.lang.Object, java.lang.Object, java.lang.Object, java.lang.Object, java.lang.Object, java.lang.Object, java.lang.Object, java.lang.Object, java.lang.Object, java.lang.Obj
Event: 14.329 Thread 0x000001e2c5d922c0 Exception <a 'java/lang/NoSuchMethodError'{0x00000000843da860}: 'int java.lang.invoke.DirectMethodHandle$Holder.invokeSpecialIFC(java.lang.Object, java.lang.Object, java.lang.Object)'> (0x00000000843da860) 
thrown [s\open\src\hotspot\share\interpreter\linkResolver.cpp, line 773]
Event: 14.694 Thread 0x000001e2c5d922c0 Exception <a 'java/lang/NoSuchMethodError'{0x0000000086526c10}: 'java.lang.Object java.lang.invoke.DirectMethodHandle$Holder.newInvokeSpecial(java.lang.Object, java.lang.Object, java.lang.Object, java.lang.Object, java.lang.Object, int)'> (0x0000000086526c10) 
thrown [s\open\src\hotspot\share\interpreter\linkResolver.cpp, line 773]
Event: 14.694 Thread 0x000001e2c5d922c0 Exception <a 'java/lang/NoSuchMethodError'{0x000000008652bf50}: 'java.lang.Object java.lang.invoke.DirectMethodHandle$Holder.invokeSpecial(java.lang.Object, java.lang.Object, java.lang.Object, java.lang.Object, java.lang.Object, java.lang.Object, int)'> (0x000000008652bf50) 
thrown [s\open\src\hotspot\share\interpreter\linkResolver.cpp, line 773]
Event: 14.723 Thread 0x000001e2c5d922c0 Exception <a 'java/lang/NoSuchMethodError'{0x00000000865c9b58}: 'void java.lang.invoke.DirectMethodHandle$Holder.invokeStatic(java.lang.Object, java.lang.Object, java.lang.Object, int, java.lang.Object)'> (0x00000000865c9b58) 
thrown [s\open\src\hotspot\share\interpreter\linkResolver.cpp, line 773]
Event: 15.550 Thread 0x000001e2c5d922c0 Implicit null exception at 0x000001e2f160159d to 0x000001e2f1601804
Event: 15.752 Thread 0x000001e2c5d922c0 Exception <a 'java/lang/NoSuchMethodError'{0x0000000084fdce30}: 'void java.lang.invoke.DirectMethodHandle$Holder.invokeInterface(java.lang.Object, java.lang.Object, java.lang.Object, java.lang.Object)'> (0x0000000084fdce30) 
thrown [s\open\src\hotspot\share\interpreter\linkResolver.cpp, line 773]
Event: 15.950 Thread 0x000001e2c5d922c0 Implicit null exception at 0x000001e2f15ff9dd to 0x000001e2f15ffebc
Event: 17.197 Thread 0x000001e2c5d922c0 Exception <a 'java/lang/NoSuchMethodError'{0x0000000084220458}: 'java.lang.Object java.lang.invoke.DirectMethodHandle$Holder.newInvokeSpecial(java.lang.Object, java.lang.Object, java.lang.Object, java.lang.Object, int)'> (0x0000000084220458) 
thrown [s\open\src\hotspot\share\interpreter\linkResolver.cpp, line 773]
Event: 17.197 Thread 0x000001e2c5d922c0 Exception <a 'java/lang/NoSuchMethodError'{0x0000000084225590}: 'java.lang.Object java.lang.invoke.DirectMethodHandle$Holder.invokeSpecial(java.lang.Object, java.lang.Object, java.lang.Object, java.lang.Object, java.lang.Object, int)'> (0x0000000084225590) 
thrown [s\open\src\hotspot\share\interpreter\linkResolver.cpp, line 773]
Event: 17.197 Thread 0x000001e2c5d922c0 Exception <a 'java/lang/NoSuchMethodError'{0x000000008422a018}: 'java.lang.Object java.lang.invoke.Invokers$Holder.linkToTargetMethod(java.lang.Object, java.lang.Object, java.lang.Object, int, java.lang.Object)'> (0x000000008422a018) 
thrown [s\open\src\hotspot\share\interpreter\linkResolver.cpp, line 773]

ZGC Phase Switch (0 events):
No events

VM Operations (20 events):
Event: 13.744 Executing VM operation: G1CollectForAllocation (G1 Evacuation Pause) done
Event: 14.611 Executing VM operation: HandshakeAllThreads (Deoptimize)
Event: 14.612 Executing VM operation: HandshakeAllThreads (Deoptimize) done
Event: 14.616 Executing VM operation: G1CollectForAllocation (G1 Evacuation Pause)
Event: 14.621 Executing VM operation: G1CollectForAllocation (G1 Evacuation Pause) done
Event: 14.670 Executing VM operation: G1PauseRemark
Event: 14.675 Executing VM operation: G1PauseRemark done
Event: 14.694 Executing VM operation: G1PauseCleanup
Event: 14.695 Executing VM operation: G1PauseCleanup done
Event: 15.455 Executing VM operation: HandshakeAllThreads (Deoptimize)
Event: 15.455 Executing VM operation: HandshakeAllThreads (Deoptimize) done
Event: 15.482 Executing VM operation: ICBufferFull
Event: 15.482 Executing VM operation: ICBufferFull done
Event: 15.738 Executing VM operation: ICBufferFull
Event: 15.738 Executing VM operation: ICBufferFull done
Event: 15.882 Executing VM operation: G1CollectForAllocation (G1 Evacuation Pause)
Event: 15.888 Executing VM operation: G1CollectForAllocation (G1 Evacuation Pause) done
Event: 16.890 Executing VM operation: Cleanup
Event: 16.890 Executing VM operation: Cleanup done
Event: 17.208 Executing VM operation: G1CollectForAllocation (G1 Evacuation Pause)

Events (20 events):
Event: 14.674 Thread 0x000001e2fe699940 flushing nmethod 0x000001e2f158af10
Event: 14.674 Thread 0x000001e2fe699940 flushing nmethod 0x000001e2f155ad90
Event: 14.674 Thread 0x000001e2fe699940 flushing nmethod 0x000001e2f1542690
Event: 14.674 Thread 0x000001e2fe699940 flushing nmethod 0x000001e2f1516410
Event: 14.674 Thread 0x000001e2fe699940 flushing nmethod 0x000001e2f14bf510
Event: 14.674 Thread 0x000001e2fe699940 flushing nmethod 0x000001e2f14dbb10
Event: 14.674 Thread 0x000001e2fe699940 flushing nmethod 0x000001e2f1492a10
Event: 14.674 Thread 0x000001e2fe699940 flushing nmethod 0x000001e2f1491110
Event: 14.674 Thread 0x000001e2fe699940 flushing nmethod 0x000001e2f147d790
Event: 14.746 Thread 0x000001e2c5d976c0 Thread added: 0x000001e2c5d976c0
Event: 14.982 Thread 0x000001e2c5d976c0 Thread exited: 0x000001e2c5d976c0
Event: 15.557 Thread 0x000001e2c7461900 Thread added: 0x000001e2c7461900
Event: 15.558 Thread 0x000001e2c745fec0 Thread added: 0x000001e2c745fec0
Event: 15.558 Thread 0x000001e2c745b000 Thread added: 0x000001e2c745b000
Event: 15.558 Thread 0x000001e2c7460550 Thread added: 0x000001e2c7460550
Event: 15.558 Thread 0x000001e2c7461270 Thread added: 0x000001e2c7461270
Event: 15.558 Thread 0x000001e2c745e480 Thread added: 0x000001e2c745e480
Event: 15.559 Thread 0x000001e2c745b690 Thread added: 0x000001e2c745b690
Event: 15.616 Thread 0x000001e2c5d976c0 Thread added: 0x000001e2c5d976c0
Event: 15.868 Thread 0x000001e2c5d976c0 Thread exited: 0x000001e2c5d976c0


Dynamic libraries:
0x00007ff747940000 - 0x00007ff747950000 	C:\Program Files\Java\jdk-21\bin\java.exe
0x00007ffa96df0000 - 0x00007ffa96fe8000 	C:\WINDOWS\SYSTEM32\ntdll.dll
0x00007ffa95370000 - 0x00007ffa9542d000 	C:\WINDOWS\System32\KERNEL32.DLL
0x00007ffa944a0000 - 0x00007ffa94796000 	C:\WINDOWS\System32\KERNELBASE.dll
0x00007ffa94860000 - 0x00007ffa94960000 	C:\WINDOWS\System32\ucrtbase.dll
0x00007ffa919f0000 - 0x00007ffa91a09000 	C:\Program Files\Java\jdk-21\bin\jli.dll
0x00007ffa8ed80000 - 0x00007ffa8ed9b000 	C:\Program Files\Java\jdk-21\bin\VCRUNTIME140.dll
0x00007ffa95220000 - 0x00007ffa952d0000 	C:\WINDOWS\System32\ADVAPI32.dll
0x00007ffa952d0000 - 0x00007ffa9536e000 	C:\WINDOWS\System32\msvcrt.dll
0x00007ffa96a50000 - 0x00007ffa96af0000 	C:\WINDOWS\System32\sechost.dll
0x00007ffa96c50000 - 0x00007ffa96d73000 	C:\WINDOWS\System32\RPCRT4.dll
0x00007ffa94c20000 - 0x00007ffa94c47000 	C:\WINDOWS\System32\bcrypt.dll
0x00007ffa954a0000 - 0x00007ffa9563f000 	C:\WINDOWS\System32\USER32.dll
0x00007ffa94bf0000 - 0x00007ffa94c12000 	C:\WINDOWS\System32\win32u.dll
0x00007ffa84fc0000 - 0x00007ffa8525a000 	C:\WINDOWS\WinSxS\amd64_microsoft.windows.common-controls_6595b64144ccf1df_6.0.19041.4355_none_60b8b9eb71f62e16\COMCTL32.dll
0x00007ffa96d80000 - 0x00007ffa96dab000 	C:\WINDOWS\System32\GDI32.dll
0x00007ffa94d00000 - 0x00007ffa94e17000 	C:\WINDOWS\System32\gdi32full.dll
0x00007ffa949f0000 - 0x00007ffa94a8d000 	C:\WINDOWS\System32\msvcp_win.dll
0x00007ffa883e0000 - 0x00007ffa883ea000 	C:\WINDOWS\SYSTEM32\VERSION.dll
0x00007ffa96c10000 - 0x00007ffa96c42000 	C:\WINDOWS\System32\IMM32.DLL
0x00007ffa8dd90000 - 0x00007ffa8dd9c000 	C:\Program Files\Java\jdk-21\bin\vcruntime140_1.dll
0x00007ffa6a490000 - 0x00007ffa6a51e000 	C:\Program Files\Java\jdk-21\bin\msvcp140.dll
0x00007ffa4a1e0000 - 0x00007ffa4aef7000 	C:\Program Files\Java\jdk-21\bin\server\jvm.dll
0x00007ffa96220000 - 0x00007ffa9628b000 	C:\WINDOWS\System32\WS2_32.dll
0x00007ffa93a20000 - 0x00007ffa93a6b000 	C:\WINDOWS\SYSTEM32\POWRPROF.dll
0x00007ffa88440000 - 0x00007ffa88467000 	C:\WINDOWS\SYSTEM32\WINMM.dll
0x00007ffa93890000 - 0x00007ffa938a2000 	C:\WINDOWS\SYSTEM32\UMPDC.dll
0x00007ffa92320000 - 0x00007ffa92332000 	C:\WINDOWS\SYSTEM32\kernel.appcore.dll
0x00007ffa8dcb0000 - 0x00007ffa8dcba000 	C:\Program Files\Java\jdk-21\bin\jimage.dll
0x00007ffa7dfa0000 - 0x00007ffa7e184000 	C:\WINDOWS\SYSTEM32\DBGHELP.DLL
0x00007ffa7df60000 - 0x00007ffa7df94000 	C:\WINDOWS\SYSTEM32\dbgcore.DLL
0x00007ffa94960000 - 0x00007ffa949e2000 	C:\WINDOWS\System32\bcryptPrimitives.dll
0x00007ffa8dca0000 - 0x00007ffa8dcaf000 	C:\Program Files\Java\jdk-21\bin\instrument.dll
0x00007ffa8d5a0000 - 0x00007ffa8d5bf000 	C:\Program Files\Java\jdk-21\bin\java.dll
0x00007ffa95ab0000 - 0x00007ffa9621b000 	C:\WINDOWS\System32\SHELL32.dll
0x00007ffa92520000 - 0x00007ffa92cbd000 	C:\WINDOWS\SYSTEM32\windows.storage.dll
0x00007ffa966f0000 - 0x00007ffa96a43000 	C:\WINDOWS\System32\combase.dll
0x00007ffa93ec0000 - 0x00007ffa93eee000 	C:\WINDOWS\SYSTEM32\Wldp.dll
0x00007ffa96570000 - 0x00007ffa9663d000 	C:\WINDOWS\System32\OLEAUT32.dll
0x00007ffa96640000 - 0x00007ffa966ed000 	C:\WINDOWS\System32\SHCORE.dll
0x00007ffa95430000 - 0x00007ffa95485000 	C:\WINDOWS\System32\shlwapi.dll
0x00007ffa943d0000 - 0x00007ffa943f4000 	C:\WINDOWS\SYSTEM32\profapi.dll
0x00007ffa69190000 - 0x00007ffa69267000 	C:\Program Files\Java\jdk-21\bin\jsvml.dll
0x00007ffa8d400000 - 0x00007ffa8d418000 	C:\Program Files\Java\jdk-21\bin\zip.dll
0x00007ffa8dc90000 - 0x00007ffa8dca0000 	C:\Program Files\Java\jdk-21\bin\net.dll
0x00007ffa8cd70000 - 0x00007ffa8ce7a000 	C:\WINDOWS\SYSTEM32\WINHTTP.dll
0x00007ffa93c20000 - 0x00007ffa93c8a000 	C:\WINDOWS\system32\mswsock.dll
0x00007ffa8d3e0000 - 0x00007ffa8d3f6000 	C:\Program Files\Java\jdk-21\bin\nio.dll
0x00007ffa8d370000 - 0x00007ffa8d380000 	C:\Program Files\Java\jdk-21\bin\verify.dll
0x00007ffa8af60000 - 0x00007ffa8af87000 	C:\Users\User\.gradle\native\68d5fa5c4cc2d200863cafc0d521ce42e7d3e7ee720ec0a83991735586a16f82\windows-amd64\native-platform.dll
0x00007ffa6a0e0000 - 0x00007ffa6a224000 	C:\Users\User\.gradle\native\e376f236ea51e6404a007f0833ffe2c6e607c4080706a723a18a27aeea778392\windows-amd64\native-platform-file-events.dll
0x00007ffa8d360000 - 0x00007ffa8d36a000 	C:\Program Files\Java\jdk-21\bin\management.dll
0x00007ffa8d350000 - 0x00007ffa8d35b000 	C:\Program Files\Java\jdk-21\bin\management_ext.dll
0x00007ffa95490000 - 0x00007ffa95498000 	C:\WINDOWS\System32\PSAPI.DLL
0x00007ffa93e10000 - 0x00007ffa93e28000 	C:\WINDOWS\SYSTEM32\CRYPTSP.dll
0x00007ffa934d0000 - 0x00007ffa93504000 	C:\WINDOWS\system32\rsaenh.dll
0x00007ffa94380000 - 0x00007ffa943ae000 	C:\WINDOWS\SYSTEM32\USERENV.dll
0x00007ffa93e30000 - 0x00007ffa93e3c000 	C:\WINDOWS\SYSTEM32\CRYPTBASE.dll
0x00007ffa938b0000 - 0x00007ffa938eb000 	C:\WINDOWS\SYSTEM32\IPHLPAPI.DLL
0x00007ffa964a0000 - 0x00007ffa964a8000 	C:\WINDOWS\System32\NSI.dll
0x00007ffa8d340000 - 0x00007ffa8d349000 	C:\Program Files\Java\jdk-21\bin\extnet.dll
0x00007ffa8d330000 - 0x00007ffa8d33e000 	C:\Program Files\Java\jdk-21\bin\sunmscapi.dll
0x00007ffa94a90000 - 0x00007ffa94bee000 	C:\WINDOWS\System32\CRYPT32.dll
0x00007ffa93f30000 - 0x00007ffa93f59000 	C:\WINDOWS\SYSTEM32\ncrypt.dll
0x00007ffa93ef0000 - 0x00007ffa93f2b000 	C:\WINDOWS\SYSTEM32\NTASN1.dll
0x00007ffa91a40000 - 0x00007ffa91a47000 	C:\WINDOWS\system32\wshunix.dll

dbghelp: loaded successfully - version: 4.0.5 - missing functions: none
symbol engine: initialized successfully - sym options: 0x614 - pdb path: .;C:\Program Files\Java\jdk-21\bin;C:\WINDOWS\SYSTEM32;C:\WINDOWS\WinSxS\amd64_microsoft.windows.common-controls_6595b64144ccf1df_6.0.19041.4355_none_60b8b9eb71f62e16;C:\Program Files\Java\jdk-21\bin\server;C:\Users\User\.gradle\native\68d5fa5c4cc2d200863cafc0d521ce42e7d3e7ee720ec0a83991735586a16f82\windows-amd64;C:\Users\User\.gradle\native\e376f236ea51e6404a007f0833ffe2c6e607c4080706a723a18a27aeea778392\windows-amd64

VM Arguments:
jvm_args: --add-opens=java.base/java.util=ALL-UNNAMED --add-opens=java.base/java.lang=ALL-UNNAMED --add-opens=java.base/java.lang.invoke=ALL-UNNAMED --add-opens=java.prefs/java.util.prefs=ALL-UNNAMED --add-opens=java.base/java.nio.charset=ALL-UNNAMED --add-opens=java.base/java.net=ALL-UNNAMED --add-opens=java.base/java.util.concurrent.atomic=ALL-UNNAMED -Xmx2048m -Dfile.encoding=UTF-8 -Duser.country=US -Duser.language=en -Duser.variant -javaagent:C:\Users\User\.gradle\wrapper\dists\gradle-8.2-bin\bbg7u40eoinfdyxsxr3z4i7ta\gradle-8.2\lib\agents\gradle-instrumentation-agent-8.2.jar 
java_command: org.gradle.launcher.daemon.bootstrap.GradleDaemon 8.2
java_class_path (initial): C:\Users\User\.gradle\wrapper\dists\gradle-8.2-bin\bbg7u40eoinfdyxsxr3z4i7ta\gradle-8.2\lib\gradle-launcher-8.2.jar
Launcher Type: SUN_STANDARD

[Global flags]
     intx CICompilerCount                          = 4                                         {product} {ergonomic}
     uint ConcGCThreads                            = 2                                         {product} {ergonomic}
     uint G1ConcRefinementThreads                  = 8                                         {product} {ergonomic}
   size_t G1HeapRegionSize                         = 1048576                                   {product} {ergonomic}
    uintx GCDrainStackTargetSize                   = 64                                        {product} {ergonomic}
   size_t InitialHeapSize                          = 134217728                                 {product} {ergonomic}
   size_t MarkStackSize                            = 4194304                                   {product} {ergonomic}
   size_t MaxHeapSize                              = 2147483648                                {product} {command line}
   size_t MaxNewSize                               = 1287651328                                {product} {ergonomic}
   size_t MinHeapDeltaBytes                        = 1048576                                   {product} {ergonomic}
   size_t MinHeapSize                              = 8388608                                   {product} {ergonomic}
    uintx NonNMethodCodeHeapSize                   = 5839372                                {pd product} {ergonomic}
    uintx NonProfiledCodeHeapSize                  = 122909434                              {pd product} {ergonomic}
    uintx ProfiledCodeHeapSize                     = 122909434                              {pd product} {ergonomic}
    uintx ReservedCodeCacheSize                    = 251658240                              {pd product} {ergonomic}
     bool SegmentedCodeCache                       = true                                      {product} {ergonomic}
   size_t SoftMaxHeapSize                          = 2147483648                             {manageable} {ergonomic}
     bool UseCompressedOops                        = true                           {product lp64_product} {ergonomic}
     bool UseG1GC                                  = true                                      {product} {ergonomic}
     bool UseLargePagesIndividualAllocation        = false                                  {pd product} {ergonomic}

Logging:
Log output configuration:
 #0: stdout all=warning uptime,level,tags foldmultilines=false
 #1: stderr all=off uptime,level,tags foldmultilines=false

Environment Variables:
JAVA_HOME=C:\Program Files\Java\jdk-21
PATH=C:\Program Files\Common Files\Oracle\Java\javapath;C:\WINDOWS\system32;C:\WINDOWS;C:\WINDOWS\System32\Wbem;C:\WINDOWS\System32\WindowsPowerShell\v1.0\;C:\WINDOWS\System32\OpenSSH\;C:\Program Files\Git\cmd;C:\Program Files\Java\jdk-21;C:\Users\User\AppData\Local\Programs\Python\Launcher\;C:\Users\User\AppData\Local\Microsoft\WindowsApps;C:\Users\User\AppData\Local\Programs\Microsoft VS Code\bin;C:\Users\User\AppData\Local\GitHubDesktop\bin;C:\Program Files\JetBrains\IntelliJ IDEA Community Edition 2023.3.6\bin;;C:\Users\User\.detaspace\bin
USERNAME=User
OS=Windows_NT
PROCESSOR_IDENTIFIER=Intel64 Family 6 Model 60 Stepping 3, GenuineIntel
TMP=C:\Users\User\AppData\Local\Temp
TEMP=C:\Users\User\AppData\Local\Temp




Periodic native trim disabled

---------------  S Y S T E M  ---------------

OS:
 Windows 10 , 64 bit Build 19041 (10.0.19041.3636)
OS uptime: 2 days 22:49 hours

CPU: total 8 (initial active 8) (4 cores per cpu, 2 threads per core) family 6 model 60 stepping 3 microcode 0x27, cx8, cmov, fxsr, ht, mmx, sse, sse2, sse3, ssse3, sse4.1, sse4.2, popcnt, lzcnt, tsc, tscinvbit, avx, avx2, aes, erms, clmul, bmi1, bmi2, fma, vzeroupper, clflush, rdtscp, f16c
Processor Information for all 8 processors :
  Max Mhz: 2801, Current Mhz: 2801, Mhz Limit: 2801

Memory: 4k page, system-wide physical 8097M (536M free)
TotalPageFile size 19295M (AvailPageFile size 201M)
current process WorkingSet (physical memory assigned to process): 275M, peak: 286M
current process commit charge ("private bytes"): 321M, peak: 331M

vm_info: Java HotSpot(TM) 64-Bit Server VM (21.0.2+13-LTS-58) for windows-amd64 JRE (21.0.2+13-LTS-58), built on 2024-01-05T18:32:24Z by "mach5one" with MS VC++ 17.1 (VS2022)

END.
